{"/Users/denissaharov/stellar-burgers/src/components/index.ts": {"path":"/Users/denissaharov/stellar-burgers/src/components/index.ts","statementMap":{},"fnMap":{},"branchMap":{},"s":{},"f":{},"b":{}}
,"/Users/denissaharov/stellar-burgers/src/components/app/app.tsx": {"path":"/Users/denissaharov/stellar-burgers/src/components/app/app.tsx","statementMap":{"0":{"start":{"line":30,"column":19},"end":{"line":146,"column":1}},"1":{"start":{"line":31,"column":19},"end":{"line":31,"column":32}},"2":{"start":{"line":32,"column":19},"end":{"line":32,"column":32}},"3":{"start":{"line":33,"column":19},"end":{"line":33,"column":32}},"4":{"start":{"line":35,"column":21},"end":{"line":35,"column":47}},"5":{"start":{"line":37,"column":2},"end":{"line":42,"column":17}},"6":{"start":{"line":38,"column":4},"end":{"line":38,"column":33}},"7":{"start":{"line":39,"column":4},"end":{"line":41,"column":5}},"8":{"start":{"line":40,"column":6},"end":{"line":40,"column":26}},"9":{"start":{"line":44,"column":27},"end":{"line":46,"column":3}},"10":{"start":{"line":45,"column":4},"end":{"line":45,"column":17}},"11":{"start":{"line":48,"column":2},"end":{"line":145,"column":4}},"12":{"start":{"line":148,"column":12},"end":{"line":152,"column":1}},"13":{"start":{"line":149,"column":2},"end":{"line":151,"column":18}}},"fnMap":{"0":{"name":"(anonymous_0)","decl":{"start":{"line":30,"column":19},"end":{"line":30,"column":20}},"loc":{"start":{"line":30,"column":25},"end":{"line":146,"column":1}},"line":30},"1":{"name":"(anonymous_1)","decl":{"start":{"line":37,"column":12},"end":{"line":37,"column":13}},"loc":{"start":{"line":37,"column":18},"end":{"line":42,"column":3}},"line":37},"2":{"name":"(anonymous_2)","decl":{"start":{"line":44,"column":27},"end":{"line":44,"column":28}},"loc":{"start":{"line":44,"column":33},"end":{"line":46,"column":3}},"line":44},"3":{"name":"(anonymous_3)","decl":{"start":{"line":148,"column":12},"end":{"line":148,"column":13}},"loc":{"start":{"line":149,"column":2},"end":{"line":151,"column":18}},"line":149}},"branchMap":{"0":{"loc":{"start":{"line":39,"column":4},"end":{"line":41,"column":5}},"type":"if","locations":[{"start":{"line":39,"column":4},"end":{"line":41,"column":5}},{"start":{},"end":{}}],"line":39},"1":{"loc":{"start":{"line":51,"column":24},"end":{"line":51,"column":46}},"type":"binary-expr","locations":[{"start":{"line":51,"column":24},"end":{"line":51,"column":34}},{"start":{"line":51,"column":38},"end":{"line":51,"column":46}}],"line":51},"2":{"loc":{"start":{"line":114,"column":7},"end":{"line":143,"column":7}},"type":"binary-expr","locations":[{"start":{"line":114,"column":7},"end":{"line":114,"column":17}},{"start":{"line":115,"column":8},"end":{"line":142,"column":17}}],"line":114}},"s":{"0":0,"1":0,"2":0,"3":0,"4":0,"5":0,"6":0,"7":0,"8":0,"9":0,"10":0,"11":0,"12":0,"13":0},"f":{"0":0,"1":0,"2":0,"3":0},"b":{"0":[0,0],"1":[0,0],"2":[0,0]}}
,"/Users/denissaharov/stellar-burgers/src/components/app-header/app-header.tsx": {"path":"/Users/denissaharov/stellar-burgers/src/components/app-header/app-header.tsx","statementMap":{"0":{"start":{"line":6,"column":29},"end":{"line":9,"column":1}},"1":{"start":{"line":7,"column":15},"end":{"line":7,"column":38}},"2":{"start":{"line":8,"column":2},"end":{"line":8,"column":53}}},"fnMap":{"0":{"name":"(anonymous_0)","decl":{"start":{"line":6,"column":29},"end":{"line":6,"column":30}},"loc":{"start":{"line":6,"column":35},"end":{"line":9,"column":1}},"line":6}},"branchMap":{"0":{"loc":{"start":{"line":8,"column":32},"end":{"line":8,"column":48}},"type":"binary-expr","locations":[{"start":{"line":8,"column":32},"end":{"line":8,"column":42}},{"start":{"line":8,"column":46},"end":{"line":8,"column":48}}],"line":8}},"s":{"0":0,"1":0,"2":0},"f":{"0":0},"b":{"0":[0,0]}}
,"/Users/denissaharov/stellar-burgers/src/components/app-header/index.ts": {"path":"/Users/denissaharov/stellar-burgers/src/components/app-header/index.ts","statementMap":{},"fnMap":{},"branchMap":{},"s":{},"f":{},"b":{}}
,"/Users/denissaharov/stellar-burgers/src/components/burger-constructor/burger-constructor.tsx": {"path":"/Users/denissaharov/stellar-burgers/src/components/burger-constructor/burger-constructor.tsx","statementMap":{"0":{"start":{"line":16,"column":37},"end":{"line":69,"column":1}},"1":{"start":{"line":17,"column":19},"end":{"line":17,"column":32}},"2":{"start":{"line":18,"column":19},"end":{"line":18,"column":32}},"3":{"start":{"line":19,"column":23},"end":{"line":19,"column":54}},"4":{"start":{"line":20,"column":27},"end":{"line":20,"column":62}},"5":{"start":{"line":22,"column":23},"end":{"line":22,"column":35}},"6":{"start":{"line":24,"column":25},"end":{"line":24,"column":49}},"7":{"start":{"line":26,"column":23},"end":{"line":44,"column":3}},"8":{"start":{"line":27,"column":4},"end":{"line":27,"column":54}},"9":{"start":{"line":27,"column":47},"end":{"line":27,"column":54}},"10":{"start":{"line":28,"column":4},"end":{"line":31,"column":5}},"11":{"start":{"line":29,"column":6},"end":{"line":29,"column":25}},"12":{"start":{"line":30,"column":6},"end":{"line":30,"column":13}},"13":{"start":{"line":33,"column":24},"end":{"line":37,"column":5}},"14":{"start":{"line":35,"column":52},"end":{"line":35,"column":60}},"15":{"start":{"line":38,"column":4},"end":{"line":43,"column":30}},"16":{"start":{"line":41,"column":8},"end":{"line":41,"column":37}},"17":{"start":{"line":43,"column":19},"end":{"line":43,"column":28}},"18":{"start":{"line":45,"column":26},"end":{"line":47,"column":3}},"19":{"start":{"line":46,"column":4},"end":{"line":46,"column":27}},"20":{"start":{"line":49,"column":16},"end":{"line":57,"column":3}},"21":{"start":{"line":51,"column":6},"end":{"line":55,"column":7}},"22":{"start":{"line":53,"column":50},"end":{"line":53,"column":61}},"23":{"start":{"line":59,"column":2},"end":{"line":68,"column":4}}},"fnMap":{"0":{"name":"(anonymous_0)","decl":{"start":{"line":16,"column":37},"end":{"line":16,"column":38}},"loc":{"start":{"line":16,"column":43},"end":{"line":69,"column":1}},"line":16},"1":{"name":"(anonymous_1)","decl":{"start":{"line":26,"column":23},"end":{"line":26,"column":24}},"loc":{"start":{"line":26,"column":29},"end":{"line":44,"column":3}},"line":26},"2":{"name":"(anonymous_2)","decl":{"start":{"line":35,"column":42},"end":{"line":35,"column":43}},"loc":{"start":{"line":35,"column":52},"end":{"line":35,"column":60}},"line":35},"3":{"name":"(anonymous_3)","decl":{"start":{"line":40,"column":12},"end":{"line":40,"column":13}},"loc":{"start":{"line":40,"column":18},"end":{"line":42,"column":7}},"line":40},"4":{"name":"(anonymous_4)","decl":{"start":{"line":43,"column":13},"end":{"line":43,"column":14}},"loc":{"start":{"line":43,"column":19},"end":{"line":43,"column":28}},"line":43},"5":{"name":"(anonymous_5)","decl":{"start":{"line":45,"column":26},"end":{"line":45,"column":27}},"loc":{"start":{"line":45,"column":32},"end":{"line":47,"column":3}},"line":45},"6":{"name":"(anonymous_6)","decl":{"start":{"line":50,"column":4},"end":{"line":50,"column":5}},"loc":{"start":{"line":51,"column":6},"end":{"line":55,"column":7}},"line":51},"7":{"name":"(anonymous_7)","decl":{"start":{"line":53,"column":8},"end":{"line":53,"column":9}},"loc":{"start":{"line":53,"column":50},"end":{"line":53,"column":61}},"line":53}},"branchMap":{"0":{"loc":{"start":{"line":27,"column":4},"end":{"line":27,"column":54}},"type":"if","locations":[{"start":{"line":27,"column":4},"end":{"line":27,"column":54}},{"start":{},"end":{}}],"line":27},"1":{"loc":{"start":{"line":27,"column":8},"end":{"line":27,"column":45}},"type":"binary-expr","locations":[{"start":{"line":27,"column":8},"end":{"line":27,"column":29}},{"start":{"line":27,"column":33},"end":{"line":27,"column":45}}],"line":27},"2":{"loc":{"start":{"line":28,"column":4},"end":{"line":31,"column":5}},"type":"if","locations":[{"start":{"line":28,"column":4},"end":{"line":31,"column":5}},{"start":{},"end":{}}],"line":28},"3":{"loc":{"start":{"line":34,"column":10},"end":{"line":34,"column":64}},"type":"cond-expr","locations":[{"start":{"line":34,"column":33},"end":{"line":34,"column":59}},{"start":{"line":34,"column":62},"end":{"line":34,"column":64}}],"line":34},"4":{"loc":{"start":{"line":36,"column":10},"end":{"line":36,"column":64}},"type":"cond-expr","locations":[{"start":{"line":36,"column":33},"end":{"line":36,"column":59}},{"start":{"line":36,"column":62},"end":{"line":36,"column":64}}],"line":36},"5":{"loc":{"start":{"line":51,"column":7},"end":{"line":51,"column":64}},"type":"cond-expr","locations":[{"start":{"line":51,"column":30},"end":{"line":51,"column":60}},{"start":{"line":51,"column":63},"end":{"line":51,"column":64}}],"line":51}},"s":{"0":0,"1":0,"2":0,"3":0,"4":0,"5":0,"6":0,"7":0,"8":0,"9":0,"10":0,"11":0,"12":0,"13":0,"14":0,"15":0,"16":0,"17":0,"18":0,"19":0,"20":0,"21":0,"22":0,"23":0},"f":{"0":0,"1":0,"2":0,"3":0,"4":0,"5":0,"6":0,"7":0},"b":{"0":[0,0],"1":[0,0],"2":[0,0],"3":[0,0],"4":[0,0],"5":[0,0]}}
,"/Users/denissaharov/stellar-burgers/src/components/burger-constructor/index.ts": {"path":"/Users/denissaharov/stellar-burgers/src/components/burger-constructor/index.ts","statementMap":{},"fnMap":{},"branchMap":{},"s":{},"f":{},"b":{}}
,"/Users/denissaharov/stellar-burgers/src/components/burger-constructor-element/burger-constructor-element.tsx": {"path":"/Users/denissaharov/stellar-burgers/src/components/burger-constructor-element/burger-constructor-element.tsx","statementMap":{"0":{"start":{"line":11,"column":75},"end":{"line":37,"column":1}},"1":{"start":{"line":13,"column":21},"end":{"line":13,"column":34}},"2":{"start":{"line":14,"column":27},"end":{"line":16,"column":5}},"3":{"start":{"line":15,"column":6},"end":{"line":15,"column":53}},"4":{"start":{"line":18,"column":25},"end":{"line":20,"column":5}},"5":{"start":{"line":19,"column":6},"end":{"line":19,"column":51}},"6":{"start":{"line":22,"column":24},"end":{"line":24,"column":5}},"7":{"start":{"line":23,"column":6},"end":{"line":23,"column":59}},"8":{"start":{"line":26,"column":4},"end":{"line":35,"column":6}}},"fnMap":{"0":{"name":"(anonymous_0)","decl":{"start":{"line":12,"column":2},"end":{"line":12,"column":3}},"loc":{"start":{"line":12,"column":41},"end":{"line":36,"column":3}},"line":12},"1":{"name":"(anonymous_1)","decl":{"start":{"line":14,"column":27},"end":{"line":14,"column":28}},"loc":{"start":{"line":14,"column":33},"end":{"line":16,"column":5}},"line":14},"2":{"name":"(anonymous_2)","decl":{"start":{"line":18,"column":25},"end":{"line":18,"column":26}},"loc":{"start":{"line":18,"column":31},"end":{"line":20,"column":5}},"line":18},"3":{"name":"(anonymous_3)","decl":{"start":{"line":22,"column":24},"end":{"line":22,"column":25}},"loc":{"start":{"line":22,"column":30},"end":{"line":24,"column":5}},"line":22}},"branchMap":{},"s":{"0":0,"1":0,"2":0,"3":0,"4":0,"5":0,"6":0,"7":0,"8":0},"f":{"0":0,"1":0,"2":0,"3":0},"b":{}}
,"/Users/denissaharov/stellar-burgers/src/components/burger-constructor-element/index.ts": {"path":"/Users/denissaharov/stellar-burgers/src/components/burger-constructor-element/index.ts","statementMap":{},"fnMap":{},"branchMap":{},"s":{},"f":{},"b":{}}
,"/Users/denissaharov/stellar-burgers/src/components/burger-constructor-element/type.ts": {"path":"/Users/denissaharov/stellar-burgers/src/components/burger-constructor-element/type.ts","statementMap":{},"fnMap":{},"branchMap":{},"s":{},"f":{},"b":{}}
,"/Users/denissaharov/stellar-burgers/src/components/burger-ingredient/burger-ingredient.tsx": {"path":"/Users/denissaharov/stellar-burgers/src/components/burger-ingredient/burger-ingredient.tsx","statementMap":{"0":{"start":{"line":9,"column":60},"end":{"line":27,"column":1}},"1":{"start":{"line":11,"column":21},"end":{"line":11,"column":34}},"2":{"start":{"line":12,"column":21},"end":{"line":12,"column":34}},"3":{"start":{"line":14,"column":22},"end":{"line":16,"column":5}},"4":{"start":{"line":15,"column":6},"end":{"line":15,"column":53}},"5":{"start":{"line":18,"column":4},"end":{"line":25,"column":6}}},"fnMap":{"0":{"name":"(anonymous_0)","decl":{"start":{"line":10,"column":2},"end":{"line":10,"column":3}},"loc":{"start":{"line":10,"column":29},"end":{"line":26,"column":3}},"line":10},"1":{"name":"(anonymous_1)","decl":{"start":{"line":14,"column":22},"end":{"line":14,"column":23}},"loc":{"start":{"line":14,"column":28},"end":{"line":16,"column":5}},"line":14}},"branchMap":{},"s":{"0":0,"1":0,"2":0,"3":0,"4":0,"5":0},"f":{"0":0,"1":0},"b":{}}
,"/Users/denissaharov/stellar-burgers/src/components/burger-ingredient/index.ts": {"path":"/Users/denissaharov/stellar-burgers/src/components/burger-ingredient/index.ts","statementMap":{},"fnMap":{},"branchMap":{},"s":{},"f":{},"b":{}}
,"/Users/denissaharov/stellar-burgers/src/components/burger-ingredient/type.ts": {"path":"/Users/denissaharov/stellar-burgers/src/components/burger-ingredient/type.ts","statementMap":{},"fnMap":{},"branchMap":{},"s":{},"f":{},"b":{}}
,"/Users/denissaharov/stellar-burgers/src/components/burger-ingredients/burger-ingredients.tsx": {"path":"/Users/denissaharov/stellar-burgers/src/components/burger-ingredients/burger-ingredients.tsx","statementMap":{"0":{"start":{"line":9,"column":37},"end":{"line":77,"column":1}},"1":{"start":{"line":10,"column":22},"end":{"line":10,"column":52}},"2":{"start":{"line":12,"column":30},"end":{"line":15,"column":3}},"3":{"start":{"line":13,"column":10},"end":{"line":13,"column":59}},"4":{"start":{"line":13,"column":39},"end":{"line":13,"column":58}},"5":{"start":{"line":16,"column":31},"end":{"line":19,"column":3}},"6":{"start":{"line":17,"column":10},"end":{"line":17,"column":60}},"7":{"start":{"line":17,"column":39},"end":{"line":17,"column":59}},"8":{"start":{"line":20,"column":32},"end":{"line":23,"column":3}},"9":{"start":{"line":21,"column":10},"end":{"line":21,"column":61}},"10":{"start":{"line":21,"column":39},"end":{"line":21,"column":60}},"11":{"start":{"line":25,"column":38},"end":{"line":25,"column":63}},"12":{"start":{"line":26,"column":22},"end":{"line":26,"column":54}},"13":{"start":{"line":27,"column":23},"end":{"line":27,"column":55}},"14":{"start":{"line":28,"column":25},"end":{"line":28,"column":57}},"15":{"start":{"line":30,"column":32},"end":{"line":32,"column":4}},"16":{"start":{"line":34,"column":36},"end":{"line":36,"column":4}},"17":{"start":{"line":38,"column":36},"end":{"line":40,"column":4}},"18":{"start":{"line":42,"column":2},"end":{"line":50,"column":48}},"19":{"start":{"line":43,"column":4},"end":{"line":49,"column":5}},"20":{"start":{"line":44,"column":6},"end":{"line":44,"column":27}},"21":{"start":{"line":45,"column":11},"end":{"line":49,"column":5}},"22":{"start":{"line":46,"column":6},"end":{"line":46,"column":29}},"23":{"start":{"line":47,"column":11},"end":{"line":49,"column":5}},"24":{"start":{"line":48,"column":6},"end":{"line":48,"column":28}},"25":{"start":{"line":52,"column":21},"end":{"line":60,"column":3}},"26":{"start":{"line":53,"column":4},"end":{"line":53,"column":35}},"27":{"start":{"line":54,"column":4},"end":{"line":55,"column":66}},"28":{"start":{"line":55,"column":6},"end":{"line":55,"column":66}},"29":{"start":{"line":56,"column":4},"end":{"line":57,"column":67}},"30":{"start":{"line":57,"column":6},"end":{"line":57,"column":67}},"31":{"start":{"line":58,"column":4},"end":{"line":59,"column":69}},"32":{"start":{"line":59,"column":6},"end":{"line":59,"column":69}},"33":{"start":{"line":62,"column":2},"end":{"line":76,"column":4}}},"fnMap":{"0":{"name":"(anonymous_0)","decl":{"start":{"line":9,"column":37},"end":{"line":9,"column":38}},"loc":{"start":{"line":9,"column":43},"end":{"line":77,"column":1}},"line":9},"1":{"name":"(anonymous_1)","decl":{"start":{"line":13,"column":4},"end":{"line":13,"column":5}},"loc":{"start":{"line":13,"column":10},"end":{"line":13,"column":59}},"line":13},"2":{"name":"(anonymous_2)","decl":{"start":{"line":13,"column":29},"end":{"line":13,"column":30}},"loc":{"start":{"line":13,"column":39},"end":{"line":13,"column":58}},"line":13},"3":{"name":"(anonymous_3)","decl":{"start":{"line":17,"column":4},"end":{"line":17,"column":5}},"loc":{"start":{"line":17,"column":10},"end":{"line":17,"column":60}},"line":17},"4":{"name":"(anonymous_4)","decl":{"start":{"line":17,"column":29},"end":{"line":17,"column":30}},"loc":{"start":{"line":17,"column":39},"end":{"line":17,"column":59}},"line":17},"5":{"name":"(anonymous_5)","decl":{"start":{"line":21,"column":4},"end":{"line":21,"column":5}},"loc":{"start":{"line":21,"column":10},"end":{"line":21,"column":61}},"line":21},"6":{"name":"(anonymous_6)","decl":{"start":{"line":21,"column":29},"end":{"line":21,"column":30}},"loc":{"start":{"line":21,"column":39},"end":{"line":21,"column":60}},"line":21},"7":{"name":"(anonymous_7)","decl":{"start":{"line":42,"column":12},"end":{"line":42,"column":13}},"loc":{"start":{"line":42,"column":18},"end":{"line":50,"column":3}},"line":42},"8":{"name":"(anonymous_8)","decl":{"start":{"line":52,"column":21},"end":{"line":52,"column":22}},"loc":{"start":{"line":52,"column":38},"end":{"line":60,"column":3}},"line":52}},"branchMap":{"0":{"loc":{"start":{"line":43,"column":4},"end":{"line":49,"column":5}},"type":"if","locations":[{"start":{"line":43,"column":4},"end":{"line":49,"column":5}},{"start":{"line":45,"column":11},"end":{"line":49,"column":5}}],"line":43},"1":{"loc":{"start":{"line":45,"column":11},"end":{"line":49,"column":5}},"type":"if","locations":[{"start":{"line":45,"column":11},"end":{"line":49,"column":5}},{"start":{"line":47,"column":11},"end":{"line":49,"column":5}}],"line":45},"2":{"loc":{"start":{"line":47,"column":11},"end":{"line":49,"column":5}},"type":"if","locations":[{"start":{"line":47,"column":11},"end":{"line":49,"column":5}},{"start":{},"end":{}}],"line":47},"3":{"loc":{"start":{"line":54,"column":4},"end":{"line":55,"column":66}},"type":"if","locations":[{"start":{"line":54,"column":4},"end":{"line":55,"column":66}},{"start":{},"end":{}}],"line":54},"4":{"loc":{"start":{"line":56,"column":4},"end":{"line":57,"column":67}},"type":"if","locations":[{"start":{"line":56,"column":4},"end":{"line":57,"column":67}},{"start":{},"end":{}}],"line":56},"5":{"loc":{"start":{"line":58,"column":4},"end":{"line":59,"column":69}},"type":"if","locations":[{"start":{"line":58,"column":4},"end":{"line":59,"column":69}},{"start":{},"end":{}}],"line":58}},"s":{"0":0,"1":0,"2":0,"3":0,"4":0,"5":0,"6":0,"7":0,"8":0,"9":0,"10":0,"11":0,"12":0,"13":0,"14":0,"15":0,"16":0,"17":0,"18":0,"19":0,"20":0,"21":0,"22":0,"23":0,"24":0,"25":0,"26":0,"27":0,"28":0,"29":0,"30":0,"31":0,"32":0,"33":0},"f":{"0":0,"1":0,"2":0,"3":0,"4":0,"5":0,"6":0,"7":0,"8":0},"b":{"0":[0,0],"1":[0,0],"2":[0,0],"3":[0,0],"4":[0,0],"5":[0,0]}}
,"/Users/denissaharov/stellar-burgers/src/components/burger-ingredients/index.ts": {"path":"/Users/denissaharov/stellar-burgers/src/components/burger-ingredients/index.ts","statementMap":{},"fnMap":{},"branchMap":{},"s":{},"f":{},"b":{}}
,"/Users/denissaharov/stellar-burgers/src/components/feed-info/feed-info.tsx": {"path":"/Users/denissaharov/stellar-burgers/src/components/feed-info/feed-info.tsx","statementMap":{"0":{"start":{"line":8,"column":18},"end":{"line":12,"column":17}},"1":{"start":{"line":9,"column":2},"end":{"line":12,"column":17}},"2":{"start":{"line":10,"column":22},"end":{"line":10,"column":44}},"3":{"start":{"line":11,"column":19},"end":{"line":11,"column":30}},"4":{"start":{"line":14,"column":28},"end":{"line":33,"column":1}},"5":{"start":{"line":15,"column":19},"end":{"line":15,"column":47}},"6":{"start":{"line":16,"column":27},"end":{"line":16,"column":49}},"7":{"start":{"line":17,"column":15},"end":{"line":20,"column":3}},"8":{"start":{"line":22,"column":22},"end":{"line":22,"column":47}},"9":{"start":{"line":24,"column":24},"end":{"line":24,"column":52}},"10":{"start":{"line":26,"column":2},"end":{"line":32,"column":4}}},"fnMap":{"0":{"name":"(anonymous_0)","decl":{"start":{"line":8,"column":18},"end":{"line":8,"column":19}},"loc":{"start":{"line":9,"column":2},"end":{"line":12,"column":17}},"line":9},"1":{"name":"(anonymous_1)","decl":{"start":{"line":10,"column":12},"end":{"line":10,"column":13}},"loc":{"start":{"line":10,"column":22},"end":{"line":10,"column":44}},"line":10},"2":{"name":"(anonymous_2)","decl":{"start":{"line":11,"column":9},"end":{"line":11,"column":10}},"loc":{"start":{"line":11,"column":19},"end":{"line":11,"column":30}},"line":11},"3":{"name":"(anonymous_3)","decl":{"start":{"line":14,"column":28},"end":{"line":14,"column":29}},"loc":{"start":{"line":14,"column":34},"end":{"line":33,"column":1}},"line":14}},"branchMap":{"0":{"loc":{"start":{"line":16,"column":27},"end":{"line":16,"column":49}},"type":"binary-expr","locations":[{"start":{"line":16,"column":27},"end":{"line":16,"column":43}},{"start":{"line":16,"column":47},"end":{"line":16,"column":49}}],"line":16},"1":{"loc":{"start":{"line":18,"column":11},"end":{"line":18,"column":31}},"type":"binary-expr","locations":[{"start":{"line":18,"column":11},"end":{"line":18,"column":26}},{"start":{"line":18,"column":30},"end":{"line":18,"column":31}}],"line":18},"2":{"loc":{"start":{"line":19,"column":16},"end":{"line":19,"column":41}},"type":"binary-expr","locations":[{"start":{"line":19,"column":16},"end":{"line":19,"column":36}},{"start":{"line":19,"column":40},"end":{"line":19,"column":41}}],"line":19}},"s":{"0":0,"1":0,"2":0,"3":0,"4":0,"5":0,"6":0,"7":0,"8":0,"9":0,"10":0},"f":{"0":0,"1":0,"2":0,"3":0},"b":{"0":[0,0],"1":[0,0],"2":[0,0]}}
,"/Users/denissaharov/stellar-burgers/src/components/feed-info/index.ts": {"path":"/Users/denissaharov/stellar-burgers/src/components/feed-info/index.ts","statementMap":{},"fnMap":{},"branchMap":{},"s":{},"f":{},"b":{}}
,"/Users/denissaharov/stellar-burgers/src/components/ingredient-details/index.ts": {"path":"/Users/denissaharov/stellar-burgers/src/components/ingredient-details/index.ts","statementMap":{},"fnMap":{},"branchMap":{},"s":{},"f":{},"b":{}}
,"/Users/denissaharov/stellar-burgers/src/components/ingredient-details/ingredient-details.tsx": {"path":"/Users/denissaharov/stellar-burgers/src/components/ingredient-details/ingredient-details.tsx","statementMap":{"0":{"start":{"line":8,"column":37},"end":{"line":20,"column":1}},"1":{"start":{"line":9,"column":17},"end":{"line":9,"column":28}},"2":{"start":{"line":10,"column":22},"end":{"line":10,"column":52}},"3":{"start":{"line":11,"column":25},"end":{"line":13,"column":3}},"4":{"start":{"line":12,"column":20},"end":{"line":12,"column":41}},"5":{"start":{"line":15,"column":2},"end":{"line":17,"column":3}},"6":{"start":{"line":16,"column":4},"end":{"line":16,"column":25}},"7":{"start":{"line":19,"column":2},"end":{"line":19,"column":65}}},"fnMap":{"0":{"name":"(anonymous_0)","decl":{"start":{"line":8,"column":37},"end":{"line":8,"column":38}},"loc":{"start":{"line":8,"column":43},"end":{"line":20,"column":1}},"line":8},"1":{"name":"(anonymous_1)","decl":{"start":{"line":12,"column":4},"end":{"line":12,"column":5}},"loc":{"start":{"line":12,"column":20},"end":{"line":12,"column":41}},"line":12}},"branchMap":{"0":{"loc":{"start":{"line":15,"column":2},"end":{"line":17,"column":3}},"type":"if","locations":[{"start":{"line":15,"column":2},"end":{"line":17,"column":3}},{"start":{},"end":{}}],"line":15}},"s":{"0":0,"1":0,"2":0,"3":0,"4":0,"5":0,"6":0,"7":0},"f":{"0":0,"1":0},"b":{"0":[0,0]}}
,"/Users/denissaharov/stellar-burgers/src/components/ingredients-category/index.ts": {"path":"/Users/denissaharov/stellar-burgers/src/components/ingredients-category/index.ts","statementMap":{},"fnMap":{},"branchMap":{},"s":{},"f":{},"b":{}}
,"/Users/denissaharov/stellar-burgers/src/components/ingredients-category/ingredients-category.tsx": {"path":"/Users/denissaharov/stellar-burgers/src/components/ingredients-category/ingredients-category.tsx","statementMap":{"0":{"start":{"line":8,"column":35},"end":{"line":34,"column":2}},"1":{"start":{"line":12,"column":28},"end":{"line":12,"column":63}},"2":{"start":{"line":14,"column":30},"end":{"line":23,"column":25}},"3":{"start":{"line":15,"column":33},"end":{"line":15,"column":50}},"4":{"start":{"line":16,"column":48},"end":{"line":16,"column":50}},"5":{"start":{"line":17,"column":4},"end":{"line":20,"column":7}},"6":{"start":{"line":18,"column":6},"end":{"line":18,"column":66}},"7":{"start":{"line":18,"column":37},"end":{"line":18,"column":66}},"8":{"start":{"line":19,"column":6},"end":{"line":19,"column":33}},"9":{"start":{"line":21,"column":4},"end":{"line":21,"column":35}},"10":{"start":{"line":21,"column":13},"end":{"line":21,"column":35}},"11":{"start":{"line":22,"column":4},"end":{"line":22,"column":20}},"12":{"start":{"line":25,"column":2},"end":{"line":33,"column":4}}},"fnMap":{"0":{"name":"(anonymous_0)","decl":{"start":{"line":11,"column":2},"end":{"line":11,"column":3}},"loc":{"start":{"line":11,"column":45},"end":{"line":34,"column":1}},"line":11},"1":{"name":"(anonymous_1)","decl":{"start":{"line":14,"column":38},"end":{"line":14,"column":39}},"loc":{"start":{"line":14,"column":44},"end":{"line":23,"column":3}},"line":14},"2":{"name":"(anonymous_2)","decl":{"start":{"line":17,"column":24},"end":{"line":17,"column":25}},"loc":{"start":{"line":17,"column":53},"end":{"line":20,"column":5}},"line":17}},"branchMap":{"0":{"loc":{"start":{"line":18,"column":6},"end":{"line":18,"column":66}},"type":"if","locations":[{"start":{"line":18,"column":6},"end":{"line":18,"column":66}},{"start":{},"end":{}}],"line":18},"1":{"loc":{"start":{"line":21,"column":4},"end":{"line":21,"column":35}},"type":"if","locations":[{"start":{"line":21,"column":4},"end":{"line":21,"column":35}},{"start":{},"end":{}}],"line":21}},"s":{"0":0,"1":0,"2":0,"3":0,"4":0,"5":0,"6":0,"7":0,"8":0,"9":0,"10":0,"11":0,"12":0},"f":{"0":0,"1":0,"2":0},"b":{"0":[0,0],"1":[0,0]}}
,"/Users/denissaharov/stellar-burgers/src/components/ingredients-category/type.ts": {"path":"/Users/denissaharov/stellar-burgers/src/components/ingredients-category/type.ts","statementMap":{},"fnMap":{},"branchMap":{},"s":{},"f":{},"b":{}}
,"/Users/denissaharov/stellar-burgers/src/components/modal/index.ts": {"path":"/Users/denissaharov/stellar-burgers/src/components/modal/index.ts","statementMap":{},"fnMap":{},"branchMap":{},"s":{},"f":{},"b":{}}
,"/Users/denissaharov/stellar-burgers/src/components/modal/modal.tsx": {"path":"/Users/denissaharov/stellar-burgers/src/components/modal/modal.tsx","statementMap":{"0":{"start":{"line":7,"column":18},"end":{"line":7,"column":51}},"1":{"start":{"line":9,"column":38},"end":{"line":27,"column":2}},"2":{"start":{"line":10,"column":2},"end":{"line":19,"column":16}},"3":{"start":{"line":11,"column":22},"end":{"line":13,"column":5}},"4":{"start":{"line":12,"column":6},"end":{"line":12,"column":38}},"5":{"start":{"line":15,"column":4},"end":{"line":15,"column":52}},"6":{"start":{"line":16,"column":4},"end":{"line":18,"column":6}},"7":{"start":{"line":17,"column":6},"end":{"line":17,"column":57}},"8":{"start":{"line":21,"column":2},"end":{"line":26,"column":4}}},"fnMap":{"0":{"name":"(anonymous_0)","decl":{"start":{"line":9,"column":43},"end":{"line":9,"column":44}},"loc":{"start":{"line":9,"column":77},"end":{"line":27,"column":1}},"line":9},"1":{"name":"(anonymous_1)","decl":{"start":{"line":10,"column":12},"end":{"line":10,"column":13}},"loc":{"start":{"line":10,"column":18},"end":{"line":19,"column":3}},"line":10},"2":{"name":"(anonymous_2)","decl":{"start":{"line":11,"column":22},"end":{"line":11,"column":23}},"loc":{"start":{"line":11,"column":44},"end":{"line":13,"column":5}},"line":11},"3":{"name":"(anonymous_3)","decl":{"start":{"line":16,"column":11},"end":{"line":16,"column":12}},"loc":{"start":{"line":16,"column":17},"end":{"line":18,"column":5}},"line":16}},"branchMap":{"0":{"loc":{"start":{"line":12,"column":6},"end":{"line":12,"column":37}},"type":"binary-expr","locations":[{"start":{"line":12,"column":6},"end":{"line":12,"column":24}},{"start":{"line":12,"column":28},"end":{"line":12,"column":37}}],"line":12}},"s":{"0":0,"1":0,"2":0,"3":0,"4":0,"5":0,"6":0,"7":0,"8":0},"f":{"0":0,"1":0,"2":0,"3":0},"b":{"0":[0,0]}}
,"/Users/denissaharov/stellar-burgers/src/components/modal/type.ts": {"path":"/Users/denissaharov/stellar-burgers/src/components/modal/type.ts","statementMap":{},"fnMap":{},"branchMap":{},"s":{},"f":{},"b":{}}
,"/Users/denissaharov/stellar-burgers/src/components/order-card/index.ts": {"path":"/Users/denissaharov/stellar-burgers/src/components/order-card/index.ts","statementMap":{},"fnMap":{},"branchMap":{},"s":{},"f":{},"b":{}}
,"/Users/denissaharov/stellar-burgers/src/components/order-card/order-card.tsx": {"path":"/Users/denissaharov/stellar-burgers/src/components/order-card/order-card.tsx","statementMap":{"0":{"start":{"line":10,"column":23},"end":{"line":10,"column":24}},"1":{"start":{"line":12,"column":45},"end":{"line":57,"column":2}},"2":{"start":{"line":13,"column":19},"end":{"line":13,"column":32}},"3":{"start":{"line":14,"column":37},"end":{"line":14,"column":67}},"4":{"start":{"line":16,"column":20},"end":{"line":46,"column":26}},"5":{"start":{"line":17,"column":4},"end":{"line":17,"column":41}},"6":{"start":{"line":17,"column":29},"end":{"line":17,"column":41}},"7":{"start":{"line":19,"column":28},"end":{"line":26,"column":5}},"8":{"start":{"line":21,"column":27},"end":{"line":21,"column":70}},"9":{"start":{"line":21,"column":53},"end":{"line":21,"column":69}},"10":{"start":{"line":22,"column":8},"end":{"line":22,"column":52}},"11":{"start":{"line":22,"column":24},"end":{"line":22,"column":52}},"12":{"start":{"line":23,"column":8},"end":{"line":23,"column":19}},"13":{"start":{"line":28,"column":18},"end":{"line":28,"column":76}},"14":{"start":{"line":28,"column":56},"end":{"line":28,"column":72}},"15":{"start":{"line":30,"column":30},"end":{"line":30,"column":70}},"16":{"start":{"line":33,"column":6},"end":{"line":35,"column":11}},"17":{"start":{"line":37,"column":17},"end":{"line":37,"column":42}},"18":{"start":{"line":38,"column":4},"end":{"line":45,"column":6}},"19":{"start":{"line":48,"column":2},"end":{"line":48,"column":30}},"20":{"start":{"line":48,"column":18},"end":{"line":48,"column":30}},"21":{"start":{"line":50,"column":2},"end":{"line":56,"column":4}}},"fnMap":{"0":{"name":"(anonymous_0)","decl":{"start":{"line":12,"column":50},"end":{"line":12,"column":51}},"loc":{"start":{"line":12,"column":65},"end":{"line":57,"column":1}},"line":12},"1":{"name":"(anonymous_1)","decl":{"start":{"line":16,"column":28},"end":{"line":16,"column":29}},"loc":{"start":{"line":16,"column":34},"end":{"line":46,"column":3}},"line":16},"2":{"name":"(anonymous_2)","decl":{"start":{"line":20,"column":6},"end":{"line":20,"column":7}},"loc":{"start":{"line":20,"column":44},"end":{"line":24,"column":7}},"line":20},"3":{"name":"(anonymous_3)","decl":{"start":{"line":21,"column":44},"end":{"line":21,"column":45}},"loc":{"start":{"line":21,"column":53},"end":{"line":21,"column":69}},"line":21},"4":{"name":"(anonymous_4)","decl":{"start":{"line":28,"column":41},"end":{"line":28,"column":42}},"loc":{"start":{"line":28,"column":56},"end":{"line":28,"column":72}},"line":28}},"branchMap":{"0":{"loc":{"start":{"line":17,"column":4},"end":{"line":17,"column":41}},"type":"if","locations":[{"start":{"line":17,"column":4},"end":{"line":17,"column":41}},{"start":{},"end":{}}],"line":17},"1":{"loc":{"start":{"line":22,"column":8},"end":{"line":22,"column":52}},"type":"if","locations":[{"start":{"line":22,"column":8},"end":{"line":22,"column":52}},{"start":{},"end":{}}],"line":22},"2":{"loc":{"start":{"line":33,"column":6},"end":{"line":35,"column":11}},"type":"cond-expr","locations":[{"start":{"line":34,"column":10},"end":{"line":34,"column":49}},{"start":{"line":35,"column":10},"end":{"line":35,"column":11}}],"line":33},"3":{"loc":{"start":{"line":48,"column":2},"end":{"line":48,"column":30}},"type":"if","locations":[{"start":{"line":48,"column":2},"end":{"line":48,"column":30}},{"start":{},"end":{}}],"line":48}},"s":{"0":0,"1":0,"2":0,"3":0,"4":0,"5":0,"6":0,"7":0,"8":0,"9":0,"10":0,"11":0,"12":0,"13":0,"14":0,"15":0,"16":0,"17":0,"18":0,"19":0,"20":0,"21":0},"f":{"0":0,"1":0,"2":0,"3":0,"4":0},"b":{"0":[0,0],"1":[0,0],"2":[0,0],"3":[0,0]}}
,"/Users/denissaharov/stellar-burgers/src/components/order-card/type.ts": {"path":"/Users/denissaharov/stellar-burgers/src/components/order-card/type.ts","statementMap":{},"fnMap":{},"branchMap":{},"s":{},"f":{},"b":{}}
,"/Users/denissaharov/stellar-burgers/src/components/order-info/index.ts": {"path":"/Users/denissaharov/stellar-burgers/src/components/order-info/index.ts","statementMap":{},"fnMap":{},"branchMap":{},"s":{},"f":{},"b":{}}
,"/Users/denissaharov/stellar-burgers/src/components/order-info/order-info.tsx": {"path":"/Users/denissaharov/stellar-burgers/src/components/order-info/order-info.tsx","statementMap":{"0":{"start":{"line":11,"column":29},"end":{"line":87,"column":1}},"1":{"start":{"line":12,"column":21},"end":{"line":12,"column":32}},"2":{"start":{"line":13,"column":36},"end":{"line":13,"column":65}},"3":{"start":{"line":14,"column":36},"end":{"line":14,"column":50}},"4":{"start":{"line":15,"column":37},"end":{"line":15,"column":67}},"5":{"start":{"line":17,"column":2},"end":{"line":38,"column":15}},"6":{"start":{"line":18,"column":4},"end":{"line":21,"column":5}},"7":{"start":{"line":19,"column":6},"end":{"line":19,"column":26}},"8":{"start":{"line":20,"column":6},"end":{"line":20,"column":13}},"9":{"start":{"line":23,"column":24},"end":{"line":23,"column":38}},"10":{"start":{"line":24,"column":4},"end":{"line":27,"column":5}},"11":{"start":{"line":25,"column":6},"end":{"line":25,"column":26}},"12":{"start":{"line":26,"column":6},"end":{"line":26,"column":13}},"13":{"start":{"line":29,"column":4},"end":{"line":29,"column":23}},"14":{"start":{"line":30,"column":4},"end":{"line":37,"column":42}},"15":{"start":{"line":32,"column":8},"end":{"line":32,"column":45}},"16":{"start":{"line":35,"column":8},"end":{"line":35,"column":27}},"17":{"start":{"line":37,"column":21},"end":{"line":37,"column":40}},"18":{"start":{"line":41,"column":20},"end":{"line":80,"column":30}},"19":{"start":{"line":42,"column":4},"end":{"line":42,"column":55}},"20":{"start":{"line":42,"column":43},"end":{"line":42,"column":55}},"21":{"start":{"line":44,"column":17},"end":{"line":44,"column":46}},"22":{"start":{"line":50,"column":28},"end":{"line":67,"column":5}},"23":{"start":{"line":52,"column":8},"end":{"line":62,"column":9}},"24":{"start":{"line":53,"column":29},"end":{"line":53,"column":72}},"25":{"start":{"line":53,"column":55},"end":{"line":53,"column":71}},"26":{"start":{"line":54,"column":10},"end":{"line":59,"column":11}},"27":{"start":{"line":55,"column":12},"end":{"line":58,"column":14}},"28":{"start":{"line":61,"column":10},"end":{"line":61,"column":28}},"29":{"start":{"line":64,"column":8},"end":{"line":64,"column":19}},"30":{"start":{"line":69,"column":18},"end":{"line":72,"column":5}},"31":{"start":{"line":70,"column":21},"end":{"line":70,"column":50}},"32":{"start":{"line":74,"column":4},"end":{"line":79,"column":6}},"33":{"start":{"line":82,"column":2},"end":{"line":84,"column":3}},"34":{"start":{"line":83,"column":4},"end":{"line":83,"column":25}},"35":{"start":{"line":86,"column":2},"end":{"line":86,"column":47}}},"fnMap":{"0":{"name":"(anonymous_0)","decl":{"start":{"line":11,"column":29},"end":{"line":11,"column":30}},"loc":{"start":{"line":11,"column":35},"end":{"line":87,"column":1}},"line":11},"1":{"name":"(anonymous_1)","decl":{"start":{"line":17,"column":12},"end":{"line":17,"column":13}},"loc":{"start":{"line":17,"column":18},"end":{"line":38,"column":3}},"line":17},"2":{"name":"(anonymous_2)","decl":{"start":{"line":31,"column":12},"end":{"line":31,"column":13}},"loc":{"start":{"line":31,"column":22},"end":{"line":33,"column":7}},"line":31},"3":{"name":"(anonymous_3)","decl":{"start":{"line":34,"column":13},"end":{"line":34,"column":14}},"loc":{"start":{"line":34,"column":19},"end":{"line":36,"column":7}},"line":34},"4":{"name":"(anonymous_4)","decl":{"start":{"line":37,"column":15},"end":{"line":37,"column":16}},"loc":{"start":{"line":37,"column":21},"end":{"line":37,"column":40}},"line":37},"5":{"name":"(anonymous_5)","decl":{"start":{"line":41,"column":28},"end":{"line":41,"column":29}},"loc":{"start":{"line":41,"column":34},"end":{"line":80,"column":3}},"line":41},"6":{"name":"(anonymous_6)","decl":{"start":{"line":51,"column":6},"end":{"line":51,"column":7}},"loc":{"start":{"line":51,"column":44},"end":{"line":65,"column":7}},"line":51},"7":{"name":"(anonymous_7)","decl":{"start":{"line":53,"column":46},"end":{"line":53,"column":47}},"loc":{"start":{"line":53,"column":55},"end":{"line":53,"column":71}},"line":53},"8":{"name":"(anonymous_8)","decl":{"start":{"line":70,"column":6},"end":{"line":70,"column":7}},"loc":{"start":{"line":70,"column":21},"end":{"line":70,"column":50}},"line":70}},"branchMap":{"0":{"loc":{"start":{"line":18,"column":4},"end":{"line":21,"column":5}},"type":"if","locations":[{"start":{"line":18,"column":4},"end":{"line":21,"column":5}},{"start":{},"end":{}}],"line":18},"1":{"loc":{"start":{"line":24,"column":4},"end":{"line":27,"column":5}},"type":"if","locations":[{"start":{"line":24,"column":4},"end":{"line":27,"column":5}},{"start":{},"end":{}}],"line":24},"2":{"loc":{"start":{"line":32,"column":21},"end":{"line":32,"column":43}},"type":"binary-expr","locations":[{"start":{"line":32,"column":21},"end":{"line":32,"column":35}},{"start":{"line":32,"column":39},"end":{"line":32,"column":43}}],"line":32},"3":{"loc":{"start":{"line":42,"column":4},"end":{"line":42,"column":55}},"type":"if","locations":[{"start":{"line":42,"column":4},"end":{"line":42,"column":55}},{"start":{},"end":{}}],"line":42},"4":{"loc":{"start":{"line":42,"column":8},"end":{"line":42,"column":41}},"type":"binary-expr","locations":[{"start":{"line":42,"column":8},"end":{"line":42,"column":18}},{"start":{"line":42,"column":22},"end":{"line":42,"column":41}}],"line":42},"5":{"loc":{"start":{"line":52,"column":8},"end":{"line":62,"column":9}},"type":"if","locations":[{"start":{"line":52,"column":8},"end":{"line":62,"column":9}},{"start":{"line":60,"column":15},"end":{"line":62,"column":9}}],"line":52},"6":{"loc":{"start":{"line":54,"column":10},"end":{"line":59,"column":11}},"type":"if","locations":[{"start":{"line":54,"column":10},"end":{"line":59,"column":11}},{"start":{},"end":{}}],"line":54},"7":{"loc":{"start":{"line":82,"column":2},"end":{"line":84,"column":3}},"type":"if","locations":[{"start":{"line":82,"column":2},"end":{"line":84,"column":3}},{"start":{},"end":{}}],"line":82},"8":{"loc":{"start":{"line":82,"column":6},"end":{"line":82,"column":29}},"type":"binary-expr","locations":[{"start":{"line":82,"column":6},"end":{"line":82,"column":15}},{"start":{"line":82,"column":19},"end":{"line":82,"column":29}}],"line":82}},"s":{"0":0,"1":0,"2":0,"3":0,"4":0,"5":0,"6":0,"7":0,"8":0,"9":0,"10":0,"11":0,"12":0,"13":0,"14":0,"15":0,"16":0,"17":0,"18":0,"19":0,"20":0,"21":0,"22":0,"23":0,"24":0,"25":0,"26":0,"27":0,"28":0,"29":0,"30":0,"31":0,"32":0,"33":0,"34":0,"35":0},"f":{"0":0,"1":0,"2":0,"3":0,"4":0,"5":0,"6":0,"7":0,"8":0},"b":{"0":[0,0],"1":[0,0],"2":[0,0],"3":[0,0],"4":[0,0],"5":[0,0],"6":[0,0],"7":[0,0],"8":[0,0]}}
,"/Users/denissaharov/stellar-burgers/src/components/order-status/index.ts": {"path":"/Users/denissaharov/stellar-burgers/src/components/order-status/index.ts","statementMap":{},"fnMap":{},"branchMap":{},"s":{},"f":{},"b":{}}
,"/Users/denissaharov/stellar-burgers/src/components/order-status/order-status.tsx": {"path":"/Users/denissaharov/stellar-burgers/src/components/order-status/order-status.tsx","statementMap":{"0":{"start":{"line":5,"column":46},"end":{"line":9,"column":1}},"1":{"start":{"line":11,"column":49},"end":{"line":25,"column":1}},"2":{"start":{"line":12,"column":18},"end":{"line":12,"column":20}},"3":{"start":{"line":13,"column":2},"end":{"line":22,"column":3}},"4":{"start":{"line":15,"column":6},"end":{"line":15,"column":28}},"5":{"start":{"line":16,"column":6},"end":{"line":16,"column":12}},"6":{"start":{"line":18,"column":6},"end":{"line":18,"column":28}},"7":{"start":{"line":19,"column":6},"end":{"line":19,"column":12}},"8":{"start":{"line":21,"column":6},"end":{"line":21,"column":28}},"9":{"start":{"line":24,"column":2},"end":{"line":24,"column":78}}},"fnMap":{"0":{"name":"(anonymous_0)","decl":{"start":{"line":11,"column":49},"end":{"line":11,"column":50}},"loc":{"start":{"line":11,"column":65},"end":{"line":25,"column":1}},"line":11}},"branchMap":{"0":{"loc":{"start":{"line":13,"column":2},"end":{"line":22,"column":3}},"type":"switch","locations":[{"start":{"line":14,"column":4},"end":{"line":16,"column":12}},{"start":{"line":17,"column":4},"end":{"line":19,"column":12}},{"start":{"line":20,"column":4},"end":{"line":21,"column":28}}],"line":13}},"s":{"0":0,"1":0,"2":0,"3":0,"4":0,"5":0,"6":0,"7":0,"8":0,"9":0},"f":{"0":0},"b":{"0":[0,0,0]}}
,"/Users/denissaharov/stellar-burgers/src/components/order-status/type.ts": {"path":"/Users/denissaharov/stellar-burgers/src/components/order-status/type.ts","statementMap":{},"fnMap":{},"branchMap":{},"s":{},"f":{},"b":{}}
,"/Users/denissaharov/stellar-burgers/src/components/orders-list/index.ts": {"path":"/Users/denissaharov/stellar-burgers/src/components/orders-list/index.ts","statementMap":{},"fnMap":{},"branchMap":{},"s":{},"f":{},"b":{}}
,"/Users/denissaharov/stellar-burgers/src/components/orders-list/orders-list.tsx": {"path":"/Users/denissaharov/stellar-burgers/src/components/orders-list/orders-list.tsx","statementMap":{"0":{"start":{"line":6,"column":47},"end":{"line":12,"column":2}},"1":{"start":{"line":7,"column":22},"end":{"line":9,"column":3}},"2":{"start":{"line":8,"column":14},"end":{"line":8,"column":79}},"3":{"start":{"line":11,"column":2},"end":{"line":11,"column":52}}},"fnMap":{"0":{"name":"(anonymous_0)","decl":{"start":{"line":6,"column":52},"end":{"line":6,"column":53}},"loc":{"start":{"line":6,"column":68},"end":{"line":12,"column":1}},"line":6},"1":{"name":"(anonymous_1)","decl":{"start":{"line":8,"column":4},"end":{"line":8,"column":5}},"loc":{"start":{"line":8,"column":14},"end":{"line":8,"column":79}},"line":8}},"branchMap":{},"s":{"0":0,"1":0,"2":0,"3":0},"f":{"0":0,"1":0},"b":{}}
,"/Users/denissaharov/stellar-burgers/src/components/orders-list/type.ts": {"path":"/Users/denissaharov/stellar-burgers/src/components/orders-list/type.ts","statementMap":{},"fnMap":{},"branchMap":{},"s":{},"f":{},"b":{}}
,"/Users/denissaharov/stellar-burgers/src/components/profile-menu/index.ts": {"path":"/Users/denissaharov/stellar-burgers/src/components/profile-menu/index.ts","statementMap":{},"fnMap":{},"branchMap":{},"s":{},"f":{},"b":{}}
,"/Users/denissaharov/stellar-burgers/src/components/profile-menu/profile-menu.tsx": {"path":"/Users/denissaharov/stellar-burgers/src/components/profile-menu/profile-menu.tsx","statementMap":{"0":{"start":{"line":7,"column":31},"end":{"line":22,"column":1}},"1":{"start":{"line":8,"column":23},"end":{"line":8,"column":36}},"2":{"start":{"line":9,"column":19},"end":{"line":9,"column":32}},"3":{"start":{"line":10,"column":19},"end":{"line":10,"column":32}},"4":{"start":{"line":12,"column":23},"end":{"line":19,"column":3}},"5":{"start":{"line":13,"column":4},"end":{"line":18,"column":30}},"6":{"start":{"line":16,"column":8},"end":{"line":16,"column":46}},"7":{"start":{"line":18,"column":19},"end":{"line":18,"column":28}},"8":{"start":{"line":21,"column":2},"end":{"line":21,"column":75}}},"fnMap":{"0":{"name":"(anonymous_0)","decl":{"start":{"line":7,"column":31},"end":{"line":7,"column":32}},"loc":{"start":{"line":7,"column":37},"end":{"line":22,"column":1}},"line":7},"1":{"name":"(anonymous_1)","decl":{"start":{"line":12,"column":23},"end":{"line":12,"column":24}},"loc":{"start":{"line":12,"column":29},"end":{"line":19,"column":3}},"line":12},"2":{"name":"(anonymous_2)","decl":{"start":{"line":15,"column":12},"end":{"line":15,"column":13}},"loc":{"start":{"line":15,"column":18},"end":{"line":17,"column":7}},"line":15},"3":{"name":"(anonymous_3)","decl":{"start":{"line":18,"column":13},"end":{"line":18,"column":14}},"loc":{"start":{"line":18,"column":19},"end":{"line":18,"column":28}},"line":18}},"branchMap":{},"s":{"0":0,"1":0,"2":0,"3":0,"4":0,"5":0,"6":0,"7":0,"8":0},"f":{"0":0,"1":0,"2":0,"3":0},"b":{}}
,"/Users/denissaharov/stellar-burgers/src/components/protected-route/index.ts": {"path":"/Users/denissaharov/stellar-burgers/src/components/protected-route/index.ts","statementMap":{},"fnMap":{},"branchMap":{},"s":{},"f":{},"b":{}}
,"/Users/denissaharov/stellar-burgers/src/components/protected-route/protected-route.tsx": {"path":"/Users/denissaharov/stellar-burgers/src/components/protected-route/protected-route.tsx","statementMap":{"0":{"start":{"line":10,"column":30},"end":{"line":27,"column":1}},"1":{"start":{"line":14,"column":17},"end":{"line":14,"column":43}},"2":{"start":{"line":15,"column":19},"end":{"line":15,"column":32}},"3":{"start":{"line":17,"column":2},"end":{"line":20,"column":3}},"4":{"start":{"line":18,"column":17},"end":{"line":18,"column":44}},"5":{"start":{"line":19,"column":4},"end":{"line":19,"column":42}},"6":{"start":{"line":22,"column":2},"end":{"line":24,"column":3}},"7":{"start":{"line":23,"column":4},"end":{"line":23,"column":71}},"8":{"start":{"line":26,"column":2},"end":{"line":26,"column":25}}},"fnMap":{"0":{"name":"(anonymous_0)","decl":{"start":{"line":10,"column":30},"end":{"line":10,"column":31}},"loc":{"start":{"line":13,"column":27},"end":{"line":27,"column":1}},"line":13}},"branchMap":{"0":{"loc":{"start":{"line":12,"column":2},"end":{"line":12,"column":20}},"type":"default-arg","locations":[{"start":{"line":12,"column":15},"end":{"line":12,"column":20}}],"line":12},"1":{"loc":{"start":{"line":17,"column":2},"end":{"line":20,"column":3}},"type":"if","locations":[{"start":{"line":17,"column":2},"end":{"line":20,"column":3}},{"start":{},"end":{}}],"line":17},"2":{"loc":{"start":{"line":17,"column":6},"end":{"line":17,"column":26}},"type":"binary-expr","locations":[{"start":{"line":17,"column":6},"end":{"line":17,"column":16}},{"start":{"line":17,"column":20},"end":{"line":17,"column":26}}],"line":17},"3":{"loc":{"start":{"line":18,"column":17},"end":{"line":18,"column":44}},"type":"binary-expr","locations":[{"start":{"line":18,"column":17},"end":{"line":18,"column":37}},{"start":{"line":18,"column":41},"end":{"line":18,"column":44}}],"line":18},"4":{"loc":{"start":{"line":22,"column":2},"end":{"line":24,"column":3}},"type":"if","locations":[{"start":{"line":22,"column":2},"end":{"line":24,"column":3}},{"start":{},"end":{}}],"line":22},"5":{"loc":{"start":{"line":22,"column":6},"end":{"line":22,"column":28}},"type":"binary-expr","locations":[{"start":{"line":22,"column":6},"end":{"line":22,"column":17}},{"start":{"line":22,"column":21},"end":{"line":22,"column":28}}],"line":22}},"s":{"0":0,"1":0,"2":0,"3":0,"4":0,"5":0,"6":0,"7":0,"8":0},"f":{"0":0},"b":{"0":[0],"1":[0,0],"2":[0,0],"3":[0,0],"4":[0,0],"5":[0,0]}}
,"/Users/denissaharov/stellar-burgers/src/components/ui/index.ts": {"path":"/Users/denissaharov/stellar-burgers/src/components/ui/index.ts","statementMap":{},"fnMap":{},"branchMap":{},"s":{},"f":{},"b":{}}
,"/Users/denissaharov/stellar-burgers/src/components/ui/app-header/app-header.tsx": {"path":"/Users/denissaharov/stellar-burgers/src/components/ui/app-header/app-header.tsx","statementMap":{"0":{"start":{"line":12,"column":50},"end":{"line":70,"column":1}},"1":{"start":{"line":13,"column":2},"end":{"line":69,"column":11}},"2":{"start":{"line":20,"column":12},"end":{"line":20,"column":66}},"3":{"start":{"line":24,"column":12},"end":{"line":29,"column":15}},"4":{"start":{"line":35,"column":12},"end":{"line":35,"column":66}},"5":{"start":{"line":39,"column":12},"end":{"line":42,"column":15}},"6":{"start":{"line":54,"column":10},"end":{"line":56,"column":12}},"7":{"start":{"line":60,"column":10},"end":{"line":65,"column":13}}},"fnMap":{"0":{"name":"(anonymous_0)","decl":{"start":{"line":12,"column":50},"end":{"line":12,"column":51}},"loc":{"start":{"line":13,"column":2},"end":{"line":69,"column":11}},"line":13},"1":{"name":"(anonymous_1)","decl":{"start":{"line":19,"column":21},"end":{"line":19,"column":22}},"loc":{"start":{"line":20,"column":12},"end":{"line":20,"column":66}},"line":20},"2":{"name":"(anonymous_2)","decl":{"start":{"line":23,"column":11},"end":{"line":23,"column":12}},"loc":{"start":{"line":24,"column":12},"end":{"line":29,"column":15}},"line":24},"3":{"name":"(anonymous_3)","decl":{"start":{"line":34,"column":21},"end":{"line":34,"column":22}},"loc":{"start":{"line":35,"column":12},"end":{"line":35,"column":66}},"line":35},"4":{"name":"(anonymous_4)","decl":{"start":{"line":38,"column":11},"end":{"line":38,"column":12}},"loc":{"start":{"line":39,"column":12},"end":{"line":42,"column":15}},"line":39},"5":{"name":"(anonymous_5)","decl":{"start":{"line":53,"column":19},"end":{"line":53,"column":20}},"loc":{"start":{"line":54,"column":10},"end":{"line":56,"column":12}},"line":54},"6":{"name":"(anonymous_6)","decl":{"start":{"line":59,"column":9},"end":{"line":59,"column":10}},"loc":{"start":{"line":60,"column":10},"end":{"line":65,"column":13}},"line":60}},"branchMap":{"0":{"loc":{"start":{"line":20,"column":30},"end":{"line":20,"column":64}},"type":"cond-expr","locations":[{"start":{"line":20,"column":41},"end":{"line":20,"column":59}},{"start":{"line":20,"column":62},"end":{"line":20,"column":64}}],"line":20},"1":{"loc":{"start":{"line":25,"column":32},"end":{"line":25,"column":66}},"type":"cond-expr","locations":[{"start":{"line":25,"column":43},"end":{"line":25,"column":52}},{"start":{"line":25,"column":55},"end":{"line":25,"column":66}}],"line":25},"2":{"loc":{"start":{"line":35,"column":30},"end":{"line":35,"column":64}},"type":"cond-expr","locations":[{"start":{"line":35,"column":41},"end":{"line":35,"column":59}},{"start":{"line":35,"column":62},"end":{"line":35,"column":64}}],"line":35},"3":{"loc":{"start":{"line":40,"column":30},"end":{"line":40,"column":64}},"type":"cond-expr","locations":[{"start":{"line":40,"column":41},"end":{"line":40,"column":50}},{"start":{"line":40,"column":53},"end":{"line":40,"column":64}}],"line":40},"4":{"loc":{"start":{"line":55,"column":12},"end":{"line":55,"column":46}},"type":"cond-expr","locations":[{"start":{"line":55,"column":23},"end":{"line":55,"column":41}},{"start":{"line":55,"column":44},"end":{"line":55,"column":46}}],"line":55},"5":{"loc":{"start":{"line":61,"column":31},"end":{"line":61,"column":65}},"type":"cond-expr","locations":[{"start":{"line":61,"column":42},"end":{"line":61,"column":51}},{"start":{"line":61,"column":54},"end":{"line":61,"column":65}}],"line":61},"6":{"loc":{"start":{"line":63,"column":15},"end":{"line":63,"column":43}},"type":"binary-expr","locations":[{"start":{"line":63,"column":15},"end":{"line":63,"column":23}},{"start":{"line":63,"column":27},"end":{"line":63,"column":43}}],"line":63}},"s":{"0":0,"1":0,"2":0,"3":0,"4":0,"5":0,"6":0,"7":0},"f":{"0":0,"1":0,"2":0,"3":0,"4":0,"5":0,"6":0},"b":{"0":[0,0],"1":[0,0],"2":[0,0],"3":[0,0],"4":[0,0],"5":[0,0],"6":[0,0]}}
,"/Users/denissaharov/stellar-burgers/src/components/ui/app-header/index.ts": {"path":"/Users/denissaharov/stellar-burgers/src/components/ui/app-header/index.ts","statementMap":{},"fnMap":{},"branchMap":{},"s":{},"f":{},"b":{}}
,"/Users/denissaharov/stellar-burgers/src/components/ui/app-header/type.ts": {"path":"/Users/denissaharov/stellar-burgers/src/components/ui/app-header/type.ts","statementMap":{},"fnMap":{},"branchMap":{},"s":{},"f":{},"b":{}}
,"/Users/denissaharov/stellar-burgers/src/components/ui/burger-constructor/burger-constructor.tsx": {"path":"/Users/denissaharov/stellar-burgers/src/components/ui/burger-constructor/burger-constructor.tsx","statementMap":{"0":{"start":{"line":13,"column":65},"end":{"line":105,"column":1}},"1":{"start":{"line":21,"column":2},"end":{"line":104,"column":12}},"2":{"start":{"line":43,"column":12},"end":{"line":48,"column":14}}},"fnMap":{"0":{"name":"(anonymous_0)","decl":{"start":{"line":13,"column":65},"end":{"line":13,"column":66}},"loc":{"start":{"line":21,"column":2},"end":{"line":104,"column":12}},"line":21},"1":{"name":"(anonymous_1)","decl":{"start":{"line":42,"column":10},"end":{"line":42,"column":11}},"loc":{"start":{"line":43,"column":12},"end":{"line":48,"column":14}},"line":43}},"branchMap":{"0":{"loc":{"start":{"line":22,"column":5},"end":{"line":38,"column":5}},"type":"cond-expr","locations":[{"start":{"line":23,"column":6},"end":{"line":31,"column":12}},{"start":{"line":33,"column":6},"end":{"line":37,"column":12}}],"line":22},"1":{"loc":{"start":{"line":40,"column":7},"end":{"line":57,"column":7}},"type":"cond-expr","locations":[{"start":{"line":41,"column":8},"end":{"line":50,"column":9}},{"start":{"line":52,"column":8},"end":{"line":56,"column":14}}],"line":40},"2":{"loc":{"start":{"line":59,"column":5},"end":{"line":75,"column":5}},"type":"cond-expr","locations":[{"start":{"line":60,"column":6},"end":{"line":68,"column":12}},{"start":{"line":70,"column":6},"end":{"line":74,"column":12}}],"line":59},"3":{"loc":{"start":{"line":90,"column":5},"end":{"line":94,"column":5}},"type":"binary-expr","locations":[{"start":{"line":90,"column":5},"end":{"line":90,"column":17}},{"start":{"line":91,"column":6},"end":{"line":93,"column":14}}],"line":90},"4":{"loc":{"start":{"line":96,"column":5},"end":{"line":103,"column":5}},"type":"binary-expr","locations":[{"start":{"line":96,"column":5},"end":{"line":96,"column":19}},{"start":{"line":97,"column":6},"end":{"line":102,"column":14}}],"line":96},"5":{"loc":{"start":{"line":99,"column":15},"end":{"line":99,"column":55}},"type":"cond-expr","locations":[{"start":{"line":99,"column":30},"end":{"line":99,"column":50}},{"start":{"line":99,"column":53},"end":{"line":99,"column":55}}],"line":99}},"s":{"0":0,"1":0,"2":0},"f":{"0":0,"1":0},"b":{"0":[0,0],"1":[0,0],"2":[0,0],"3":[0,0],"4":[0,0],"5":[0,0]}}
,"/Users/denissaharov/stellar-burgers/src/components/ui/burger-constructor/index.ts": {"path":"/Users/denissaharov/stellar-burgers/src/components/ui/burger-constructor/index.ts","statementMap":{},"fnMap":{},"branchMap":{},"s":{},"f":{},"b":{}}
,"/Users/denissaharov/stellar-burgers/src/components/ui/burger-constructor/type.ts": {"path":"/Users/denissaharov/stellar-burgers/src/components/ui/burger-constructor/type.ts","statementMap":{},"fnMap":{},"branchMap":{},"s":{},"f":{},"b":{}}
,"/Users/denissaharov/stellar-burgers/src/components/ui/burger-constructor-element/burger-constructor-element.tsx": {"path":"/Users/denissaharov/stellar-burgers/src/components/ui/burger-constructor-element/burger-constructor-element.tsx","statementMap":{"0":{"start":{"line":8,"column":2},"end":{"line":34,"column":3}},"1":{"start":{"line":17,"column":6},"end":{"line":32,"column":11}}},"fnMap":{"0":{"name":"(anonymous_0)","decl":{"start":{"line":9,"column":4},"end":{"line":9,"column":5}},"loc":{"start":{"line":17,"column":6},"end":{"line":32,"column":11}},"line":17}},"branchMap":{},"s":{"0":0,"1":0},"f":{"0":0},"b":{}}
,"/Users/denissaharov/stellar-burgers/src/components/ui/burger-constructor-element/index.ts": {"path":"/Users/denissaharov/stellar-burgers/src/components/ui/burger-constructor-element/index.ts","statementMap":{},"fnMap":{},"branchMap":{},"s":{},"f":{},"b":{}}
,"/Users/denissaharov/stellar-burgers/src/components/ui/burger-constructor-element/type.ts": {"path":"/Users/denissaharov/stellar-burgers/src/components/ui/burger-constructor-element/type.ts","statementMap":{},"fnMap":{},"branchMap":{},"s":{},"f":{},"b":{}}
,"/Users/denissaharov/stellar-burgers/src/components/ui/burger-ingredient/burger-ingredient.tsx": {"path":"/Users/denissaharov/stellar-burgers/src/components/ui/burger-ingredient/burger-ingredient.tsx","statementMap":{"0":{"start":{"line":13,"column":64},"end":{"line":40,"column":1}},"1":{"start":{"line":15,"column":40},"end":{"line":15,"column":50}},"2":{"start":{"line":17,"column":4},"end":{"line":38,"column":6}}},"fnMap":{"0":{"name":"(anonymous_0)","decl":{"start":{"line":14,"column":2},"end":{"line":14,"column":3}},"loc":{"start":{"line":14,"column":55},"end":{"line":39,"column":3}},"line":14}},"branchMap":{"0":{"loc":{"start":{"line":24,"column":11},"end":{"line":24,"column":45}},"type":"binary-expr","locations":[{"start":{"line":24,"column":11},"end":{"line":24,"column":16}},{"start":{"line":24,"column":20},"end":{"line":24,"column":45}}],"line":24}},"s":{"0":0,"1":0,"2":0},"f":{"0":0},"b":{"0":[0,0]}}
,"/Users/denissaharov/stellar-burgers/src/components/ui/burger-ingredient/index.ts": {"path":"/Users/denissaharov/stellar-burgers/src/components/ui/burger-ingredient/index.ts","statementMap":{},"fnMap":{},"branchMap":{},"s":{},"f":{},"b":{}}
,"/Users/denissaharov/stellar-burgers/src/components/ui/burger-ingredient/type.ts": {"path":"/Users/denissaharov/stellar-burgers/src/components/ui/burger-ingredient/type.ts","statementMap":{},"fnMap":{},"branchMap":{},"s":{},"f":{},"b":{}}
,"/Users/denissaharov/stellar-burgers/src/components/ui/burger-ingredients/burger-ingredients.tsx": {"path":"/Users/denissaharov/stellar-burgers/src/components/ui/burger-ingredients/burger-ingredients.tsx","statementMap":{"0":{"start":{"line":8,"column":65},"end":{"line":68,"column":1}},"1":{"start":{"line":22,"column":4},"end":{"line":66,"column":7}}},"fnMap":{"0":{"name":"(anonymous_0)","decl":{"start":{"line":9,"column":2},"end":{"line":9,"column":3}},"loc":{"start":{"line":22,"column":4},"end":{"line":66,"column":7}},"line":22}},"branchMap":{},"s":{"0":0,"1":0},"f":{"0":0},"b":{}}
,"/Users/denissaharov/stellar-burgers/src/components/ui/burger-ingredients/index.ts": {"path":"/Users/denissaharov/stellar-burgers/src/components/ui/burger-ingredients/index.ts","statementMap":{},"fnMap":{},"branchMap":{},"s":{},"f":{},"b":{}}
,"/Users/denissaharov/stellar-burgers/src/components/ui/burger-ingredients/type.ts": {"path":"/Users/denissaharov/stellar-burgers/src/components/ui/burger-ingredients/type.ts","statementMap":{},"fnMap":{},"branchMap":{},"s":{},"f":{},"b":{}}
,"/Users/denissaharov/stellar-burgers/src/components/ui/feed-info/feed-info.tsx": {"path":"/Users/denissaharov/stellar-burgers/src/components/ui/feed-info/feed-info.tsx","statementMap":{"0":{"start":{"line":7,"column":47},"end":{"line":26,"column":1}},"1":{"start":{"line":9,"column":34},"end":{"line":9,"column":38}},"2":{"start":{"line":11,"column":4},"end":{"line":24,"column":6}},"3":{"start":{"line":28,"column":40},"end":{"line":43,"column":1}},"4":{"start":{"line":29,"column":2},"end":{"line":42,"column":8}},"5":{"start":{"line":33,"column":8},"end":{"line":39,"column":13}},"6":{"start":{"line":45,"column":33},"end":{"line":52,"column":1}},"7":{"start":{"line":46,"column":2},"end":{"line":51,"column":5}}},"fnMap":{"0":{"name":"(anonymous_0)","decl":{"start":{"line":8,"column":2},"end":{"line":8,"column":3}},"loc":{"start":{"line":8,"column":44},"end":{"line":25,"column":3}},"line":8},"1":{"name":"(anonymous_1)","decl":{"start":{"line":28,"column":40},"end":{"line":28,"column":41}},"loc":{"start":{"line":29,"column":2},"end":{"line":42,"column":8}},"line":29},"2":{"name":"(anonymous_2)","decl":{"start":{"line":32,"column":18},"end":{"line":32,"column":19}},"loc":{"start":{"line":33,"column":8},"end":{"line":39,"column":13}},"line":33},"3":{"name":"(anonymous_3)","decl":{"start":{"line":45,"column":33},"end":{"line":45,"column":34}},"loc":{"start":{"line":46,"column":2},"end":{"line":51,"column":5}},"line":46}},"branchMap":{"0":{"loc":{"start":{"line":35,"column":26},"end":{"line":35,"column":70}},"type":"cond-expr","locations":[{"start":{"line":35,"column":49},"end":{"line":35,"column":58}},{"start":{"line":35,"column":61},"end":{"line":35,"column":70}}],"line":35}},"s":{"0":0,"1":0,"2":0,"3":0,"4":0,"5":0,"6":0,"7":0},"f":{"0":0,"1":0,"2":0,"3":0},"b":{"0":[0,0]}}
,"/Users/denissaharov/stellar-burgers/src/components/ui/feed-info/index.ts": {"path":"/Users/denissaharov/stellar-burgers/src/components/ui/feed-info/index.ts","statementMap":{},"fnMap":{},"branchMap":{},"s":{},"f":{},"b":{}}
,"/Users/denissaharov/stellar-burgers/src/components/ui/feed-info/type.ts": {"path":"/Users/denissaharov/stellar-burgers/src/components/ui/feed-info/type.ts","statementMap":{},"fnMap":{},"branchMap":{},"s":{},"f":{},"b":{}}
,"/Users/denissaharov/stellar-burgers/src/components/ui/ingredient-details/index.ts": {"path":"/Users/denissaharov/stellar-burgers/src/components/ui/ingredient-details/index.ts","statementMap":{},"fnMap":{},"branchMap":{},"s":{},"f":{},"b":{}}
,"/Users/denissaharov/stellar-burgers/src/components/ui/ingredient-details/ingredient-details.tsx": {"path":"/Users/denissaharov/stellar-burgers/src/components/ui/ingredient-details/ingredient-details.tsx","statementMap":{"0":{"start":{"line":5,"column":65},"end":{"line":39,"column":1}},"1":{"start":{"line":8,"column":6},"end":{"line":8,"column":20}},"2":{"start":{"line":10,"column":4},"end":{"line":37,"column":6}}},"fnMap":{"0":{"name":"(anonymous_0)","decl":{"start":{"line":6,"column":2},"end":{"line":6,"column":3}},"loc":{"start":{"line":6,"column":26},"end":{"line":38,"column":3}},"line":6}},"branchMap":{},"s":{"0":0,"1":0,"2":0},"f":{"0":0},"b":{}}
,"/Users/denissaharov/stellar-burgers/src/components/ui/ingredient-details/type.ts": {"path":"/Users/denissaharov/stellar-burgers/src/components/ui/ingredient-details/type.ts","statementMap":{},"fnMap":{},"branchMap":{},"s":{},"f":{},"b":{}}
,"/Users/denissaharov/stellar-burgers/src/components/ui/ingredients-category/index.ts": {"path":"/Users/denissaharov/stellar-burgers/src/components/ui/ingredients-category/index.ts","statementMap":{},"fnMap":{},"branchMap":{},"s":{},"f":{},"b":{}}
,"/Users/denissaharov/stellar-burgers/src/components/ui/ingredients-category/ingredients-category.tsx": {"path":"/Users/denissaharov/stellar-burgers/src/components/ui/ingredients-category/ingredients-category.tsx","statementMap":{"0":{"start":{"line":6,"column":37},"end":{"line":24,"column":2}},"1":{"start":{"line":10,"column":2},"end":{"line":23,"column":5}},"2":{"start":{"line":16,"column":8},"end":{"line":20,"column":10}}},"fnMap":{"0":{"name":"(anonymous_0)","decl":{"start":{"line":9,"column":2},"end":{"line":9,"column":3}},"loc":{"start":{"line":10,"column":2},"end":{"line":23,"column":5}},"line":10},"1":{"name":"(anonymous_1)","decl":{"start":{"line":15,"column":23},"end":{"line":15,"column":24}},"loc":{"start":{"line":16,"column":8},"end":{"line":20,"column":10}},"line":16}},"branchMap":{},"s":{"0":0,"1":0,"2":0},"f":{"0":0,"1":0},"b":{}}
,"/Users/denissaharov/stellar-burgers/src/components/ui/ingredients-category/type.ts": {"path":"/Users/denissaharov/stellar-burgers/src/components/ui/ingredients-category/type.ts","statementMap":{},"fnMap":{},"branchMap":{},"s":{},"f":{},"b":{}}
,"/Users/denissaharov/stellar-burgers/src/components/ui/modal/index.ts": {"path":"/Users/denissaharov/stellar-burgers/src/components/ui/modal/index.ts","statementMap":{},"fnMap":{},"branchMap":{},"s":{},"f":{},"b":{}}
,"/Users/denissaharov/stellar-burgers/src/components/ui/modal/modal.tsx": {"path":"/Users/denissaharov/stellar-burgers/src/components/ui/modal/modal.tsx","statementMap":{"0":{"start":{"line":9,"column":42},"end":{"line":26,"column":1}},"1":{"start":{"line":11,"column":4},"end":{"line":24,"column":7}}},"fnMap":{"0":{"name":"(anonymous_0)","decl":{"start":{"line":10,"column":2},"end":{"line":10,"column":3}},"loc":{"start":{"line":11,"column":4},"end":{"line":24,"column":7}},"line":11}},"branchMap":{},"s":{"0":0,"1":0},"f":{"0":0},"b":{}}
,"/Users/denissaharov/stellar-burgers/src/components/ui/modal/type.ts": {"path":"/Users/denissaharov/stellar-burgers/src/components/ui/modal/type.ts","statementMap":{},"fnMap":{},"branchMap":{},"s":{},"f":{},"b":{}}
,"/Users/denissaharov/stellar-burgers/src/components/ui/modal-overlay/index.ts": {"path":"/Users/denissaharov/stellar-burgers/src/components/ui/modal-overlay/index.ts","statementMap":{},"fnMap":{},"branchMap":{},"s":{},"f":{},"b":{}}
,"/Users/denissaharov/stellar-burgers/src/components/ui/modal-overlay/modal-overlay.tsx": {"path":"/Users/denissaharov/stellar-burgers/src/components/ui/modal-overlay/modal-overlay.tsx","statementMap":{"0":{"start":{"line":3,"column":30},"end":{"line":5,"column":1}},"1":{"start":{"line":4,"column":2},"end":{"line":4,"column":54}}},"fnMap":{"0":{"name":"(anonymous_0)","decl":{"start":{"line":3,"column":30},"end":{"line":3,"column":31}},"loc":{"start":{"line":4,"column":2},"end":{"line":4,"column":54}},"line":4}},"branchMap":{},"s":{"0":0,"1":0},"f":{"0":0},"b":{}}
,"/Users/denissaharov/stellar-burgers/src/components/ui/order-card/index.ts": {"path":"/Users/denissaharov/stellar-burgers/src/components/ui/order-card/index.ts","statementMap":{},"fnMap":{},"branchMap":{},"s":{},"f":{},"b":{}}
,"/Users/denissaharov/stellar-burgers/src/components/ui/order-card/order-card.tsx": {"path":"/Users/denissaharov/stellar-burgers/src/components/ui/order-card/order-card.tsx","statementMap":{"0":{"start":{"line":13,"column":49},"end":{"line":79,"column":1}},"1":{"start":{"line":15,"column":4},"end":{"line":77,"column":11}},"2":{"start":{"line":38,"column":25},"end":{"line":38,"column":47}},"3":{"start":{"line":39,"column":24},"end":{"line":39,"column":34}},"4":{"start":{"line":40,"column":12},"end":{"line":65,"column":14}}},"fnMap":{"0":{"name":"(anonymous_0)","decl":{"start":{"line":14,"column":2},"end":{"line":14,"column":3}},"loc":{"start":{"line":15,"column":4},"end":{"line":77,"column":11}},"line":15},"1":{"name":"(anonymous_1)","decl":{"start":{"line":37,"column":43},"end":{"line":37,"column":44}},"loc":{"start":{"line":37,"column":66},"end":{"line":66,"column":11}},"line":37}},"branchMap":{"0":{"loc":{"start":{"line":32,"column":7},"end":{"line":34,"column":7}},"type":"binary-expr","locations":[{"start":{"line":32,"column":7},"end":{"line":32,"column":46}},{"start":{"line":33,"column":8},"end":{"line":33,"column":49}}],"line":32},"1":{"loc":{"start":{"line":49,"column":22},"end":{"line":51,"column":29}},"type":"cond-expr","locations":[{"start":{"line":50,"column":26},"end":{"line":50,"column":31}},{"start":{"line":51,"column":26},"end":{"line":51,"column":29}}],"line":49},"2":{"loc":{"start":{"line":49,"column":22},"end":{"line":49,"column":71}},"type":"binary-expr","locations":[{"start":{"line":49,"column":22},"end":{"line":49,"column":39}},{"start":{"line":49,"column":43},"end":{"line":49,"column":71}}],"line":49},"3":{"loc":{"start":{"line":57,"column":17},"end":{"line":63,"column":24}},"type":"cond-expr","locations":[{"start":{"line":58,"column":18},"end":{"line":62,"column":25}},{"start":{"line":63,"column":20},"end":{"line":63,"column":24}}],"line":57},"4":{"loc":{"start":{"line":61,"column":21},"end":{"line":61,"column":75}},"type":"cond-expr","locations":[{"start":{"line":61,"column":45},"end":{"line":61,"column":68}},{"start":{"line":61,"column":71},"end":{"line":61,"column":75}}],"line":61}},"s":{"0":0,"1":0,"2":0,"3":0,"4":0},"f":{"0":0,"1":0},"b":{"0":[0,0],"1":[0,0],"2":[0,0],"3":[0,0],"4":[0,0]}}
,"/Users/denissaharov/stellar-burgers/src/components/ui/order-card/type.ts": {"path":"/Users/denissaharov/stellar-burgers/src/components/ui/order-card/type.ts","statementMap":{},"fnMap":{},"branchMap":{},"s":{},"f":{},"b":{}}
,"/Users/denissaharov/stellar-burgers/src/components/ui/order-details/index.ts": {"path":"/Users/denissaharov/stellar-burgers/src/components/ui/order-details/index.ts","statementMap":{},"fnMap":{},"branchMap":{},"s":{},"f":{},"b":{}}
,"/Users/denissaharov/stellar-burgers/src/components/ui/order-details/order-details.tsx": {"path":"/Users/denissaharov/stellar-burgers/src/components/ui/order-details/order-details.tsx","statementMap":{"0":{"start":{"line":6,"column":61},"end":{"line":26,"column":1}},"1":{"start":{"line":9,"column":2},"end":{"line":25,"column":5}}},"fnMap":{"0":{"name":"(anonymous_0)","decl":{"start":{"line":6,"column":61},"end":{"line":6,"column":62}},"loc":{"start":{"line":9,"column":2},"end":{"line":25,"column":5}},"line":9}},"branchMap":{},"s":{"0":0,"1":0},"f":{"0":0},"b":{}}
,"/Users/denissaharov/stellar-burgers/src/components/ui/order-details/type.ts": {"path":"/Users/denissaharov/stellar-burgers/src/components/ui/order-details/type.ts","statementMap":{},"fnMap":{},"branchMap":{},"s":{},"f":{},"b":{}}
,"/Users/denissaharov/stellar-burgers/src/components/ui/order-info/index.ts": {"path":"/Users/denissaharov/stellar-burgers/src/components/ui/order-info/index.ts","statementMap":{},"fnMap":{},"branchMap":{},"s":{},"f":{},"b":{}}
,"/Users/denissaharov/stellar-burgers/src/components/ui/order-info/order-info.tsx": {"path":"/Users/denissaharov/stellar-burgers/src/components/ui/order-info/order-info.tsx","statementMap":{"0":{"start":{"line":12,"column":49},"end":{"line":51,"column":2}},"1":{"start":{"line":13,"column":2},"end":{"line":50,"column":8}},"2":{"start":{"line":21,"column":8},"end":{"line":38,"column":13}}},"fnMap":{"0":{"name":"(anonymous_0)","decl":{"start":{"line":12,"column":54},"end":{"line":12,"column":55}},"loc":{"start":{"line":13,"column":2},"end":{"line":50,"column":8}},"line":13},"1":{"name":"(anonymous_1)","decl":{"start":{"line":20,"column":52},"end":{"line":20,"column":53}},"loc":{"start":{"line":21,"column":8},"end":{"line":38,"column":13}},"line":21}},"branchMap":{},"s":{"0":0,"1":0,"2":0},"f":{"0":0,"1":0},"b":{}}
,"/Users/denissaharov/stellar-burgers/src/components/ui/order-info/type.ts": {"path":"/Users/denissaharov/stellar-burgers/src/components/ui/order-info/type.ts","statementMap":{},"fnMap":{},"branchMap":{},"s":{},"f":{},"b":{}}
,"/Users/denissaharov/stellar-burgers/src/components/ui/order-status/index.ts": {"path":"/Users/denissaharov/stellar-burgers/src/components/ui/order-status/index.ts","statementMap":{},"fnMap":{},"branchMap":{},"s":{},"f":{},"b":{}}
,"/Users/denissaharov/stellar-burgers/src/components/ui/order-status/order-status.tsx": {"path":"/Users/denissaharov/stellar-burgers/src/components/ui/order-status/order-status.tsx","statementMap":{"0":{"start":{"line":4,"column":53},"end":{"line":11,"column":1}},"1":{"start":{"line":5,"column":2},"end":{"line":10,"column":9}}},"fnMap":{"0":{"name":"(anonymous_0)","decl":{"start":{"line":4,"column":53},"end":{"line":4,"column":54}},"loc":{"start":{"line":5,"column":2},"end":{"line":10,"column":9}},"line":5}},"branchMap":{},"s":{"0":0,"1":0},"f":{"0":0},"b":{}}
,"/Users/denissaharov/stellar-burgers/src/components/ui/order-status/type.ts": {"path":"/Users/denissaharov/stellar-burgers/src/components/ui/order-status/type.ts","statementMap":{},"fnMap":{},"branchMap":{},"s":{},"f":{},"b":{}}
,"/Users/denissaharov/stellar-burgers/src/components/ui/orders-list/index.ts": {"path":"/Users/denissaharov/stellar-burgers/src/components/ui/orders-list/index.ts","statementMap":{},"fnMap":{},"branchMap":{},"s":{},"f":{},"b":{}}
,"/Users/denissaharov/stellar-burgers/src/components/ui/orders-list/orders-list.tsx": {"path":"/Users/denissaharov/stellar-burgers/src/components/ui/orders-list/orders-list.tsx","statementMap":{"0":{"start":{"line":8,"column":51},"end":{"line":14,"column":1}},"1":{"start":{"line":9,"column":2},"end":{"line":13,"column":8}},"2":{"start":{"line":11,"column":6},"end":{"line":11,"column":49}}},"fnMap":{"0":{"name":"(anonymous_0)","decl":{"start":{"line":8,"column":51},"end":{"line":8,"column":52}},"loc":{"start":{"line":9,"column":2},"end":{"line":13,"column":8}},"line":9},"1":{"name":"(anonymous_1)","decl":{"start":{"line":10,"column":21},"end":{"line":10,"column":22}},"loc":{"start":{"line":11,"column":6},"end":{"line":11,"column":49}},"line":11}},"branchMap":{},"s":{"0":0,"1":0,"2":0},"f":{"0":0,"1":0},"b":{}}
,"/Users/denissaharov/stellar-burgers/src/components/ui/orders-list/type.ts": {"path":"/Users/denissaharov/stellar-burgers/src/components/ui/orders-list/type.ts","statementMap":{},"fnMap":{},"branchMap":{},"s":{},"f":{},"b":{}}
,"/Users/denissaharov/stellar-burgers/src/components/ui/pages/common-type.ts": {"path":"/Users/denissaharov/stellar-burgers/src/components/ui/pages/common-type.ts","statementMap":{},"fnMap":{},"branchMap":{},"s":{},"f":{},"b":{}}
,"/Users/denissaharov/stellar-burgers/src/components/ui/pages/index.ts": {"path":"/Users/denissaharov/stellar-burgers/src/components/ui/pages/index.ts","statementMap":{},"fnMap":{},"branchMap":{},"s":{},"f":{},"b":{}}
,"/Users/denissaharov/stellar-burgers/src/components/ui/pages/constructor-page/constructor-page.tsx": {"path":"/Users/denissaharov/stellar-burgers/src/components/ui/pages/constructor-page/constructor-page.tsx","statementMap":{"0":{"start":{"line":9,"column":61},"end":{"line":29,"column":1}},"1":{"start":{"line":12,"column":2},"end":{"line":28,"column":5}}},"fnMap":{"0":{"name":"(anonymous_0)","decl":{"start":{"line":9,"column":61},"end":{"line":9,"column":62}},"loc":{"start":{"line":12,"column":2},"end":{"line":28,"column":5}},"line":12}},"branchMap":{"0":{"loc":{"start":{"line":13,"column":5},"end":{"line":27,"column":5}},"type":"cond-expr","locations":[{"start":{"line":14,"column":6},"end":{"line":14,"column":19}},{"start":{"line":16,"column":6},"end":{"line":26,"column":13}}],"line":13}},"s":{"0":0,"1":0},"f":{"0":0},"b":{"0":[0,0]}}
,"/Users/denissaharov/stellar-burgers/src/components/ui/pages/constructor-page/index.ts": {"path":"/Users/denissaharov/stellar-burgers/src/components/ui/pages/constructor-page/index.ts","statementMap":{},"fnMap":{},"branchMap":{},"s":{},"f":{},"b":{}}
,"/Users/denissaharov/stellar-burgers/src/components/ui/pages/constructor-page/type.ts": {"path":"/Users/denissaharov/stellar-burgers/src/components/ui/pages/constructor-page/type.ts","statementMap":{},"fnMap":{},"branchMap":{},"s":{},"f":{},"b":{}}
,"/Users/denissaharov/stellar-burgers/src/components/ui/pages/feed/feed.tsx": {"path":"/Users/denissaharov/stellar-burgers/src/components/ui/pages/feed/feed.tsx","statementMap":{"0":{"start":{"line":9,"column":39},"end":{"line":30,"column":2}},"1":{"start":{"line":10,"column":2},"end":{"line":29,"column":9}}},"fnMap":{"0":{"name":"(anonymous_0)","decl":{"start":{"line":9,"column":44},"end":{"line":9,"column":45}},"loc":{"start":{"line":10,"column":2},"end":{"line":29,"column":9}},"line":10}},"branchMap":{},"s":{"0":0,"1":0},"f":{"0":0},"b":{}}
,"/Users/denissaharov/stellar-burgers/src/components/ui/pages/feed/index.ts": {"path":"/Users/denissaharov/stellar-burgers/src/components/ui/pages/feed/index.ts","statementMap":{},"fnMap":{},"branchMap":{},"s":{},"f":{},"b":{}}
,"/Users/denissaharov/stellar-burgers/src/components/ui/pages/feed/type.ts": {"path":"/Users/denissaharov/stellar-burgers/src/components/ui/pages/feed/type.ts","statementMap":{},"fnMap":{},"branchMap":{},"s":{},"f":{},"b":{}}
,"/Users/denissaharov/stellar-burgers/src/components/ui/pages/forgot-password/forgot-password.tsx": {"path":"/Users/denissaharov/stellar-burgers/src/components/ui/pages/forgot-password/forgot-password.tsx","statementMap":{"0":{"start":{"line":8,"column":49},"end":{"line":53,"column":1}},"1":{"start":{"line":14,"column":2},"end":{"line":52,"column":9}},"2":{"start":{"line":26,"column":29},"end":{"line":26,"column":53}}},"fnMap":{"0":{"name":"(anonymous_0)","decl":{"start":{"line":8,"column":49},"end":{"line":8,"column":50}},"loc":{"start":{"line":14,"column":2},"end":{"line":52,"column":9}},"line":14},"1":{"name":"(anonymous_1)","decl":{"start":{"line":26,"column":22},"end":{"line":26,"column":23}},"loc":{"start":{"line":26,"column":29},"end":{"line":26,"column":53}},"line":26}},"branchMap":{"0":{"loc":{"start":{"line":39,"column":9},"end":{"line":43,"column":9}},"type":"binary-expr","locations":[{"start":{"line":39,"column":9},"end":{"line":39,"column":18}},{"start":{"line":40,"column":10},"end":{"line":42,"column":14}}],"line":39}},"s":{"0":0,"1":0,"2":0},"f":{"0":0,"1":0},"b":{"0":[0,0]}}
,"/Users/denissaharov/stellar-burgers/src/components/ui/pages/forgot-password/index.ts": {"path":"/Users/denissaharov/stellar-burgers/src/components/ui/pages/forgot-password/index.ts","statementMap":{},"fnMap":{},"branchMap":{},"s":{},"f":{},"b":{}}
,"/Users/denissaharov/stellar-burgers/src/components/ui/pages/login/index.ts": {"path":"/Users/denissaharov/stellar-burgers/src/components/ui/pages/login/index.ts","statementMap":{},"fnMap":{},"branchMap":{},"s":{},"f":{},"b":{}}
,"/Users/denissaharov/stellar-burgers/src/components/ui/pages/login/login.tsx": {"path":"/Users/denissaharov/stellar-burgers/src/components/ui/pages/login/login.tsx","statementMap":{"0":{"start":{"line":11,"column":41},"end":{"line":73,"column":1}},"1":{"start":{"line":19,"column":2},"end":{"line":72,"column":9}},"2":{"start":{"line":32,"column":31},"end":{"line":32,"column":55}},"3":{"start":{"line":42,"column":31},"end":{"line":42,"column":58}}},"fnMap":{"0":{"name":"(anonymous_0)","decl":{"start":{"line":11,"column":41},"end":{"line":11,"column":42}},"loc":{"start":{"line":19,"column":2},"end":{"line":72,"column":9}},"line":19},"1":{"name":"(anonymous_1)","decl":{"start":{"line":32,"column":24},"end":{"line":32,"column":25}},"loc":{"start":{"line":32,"column":31},"end":{"line":32,"column":55}},"line":32},"2":{"name":"(anonymous_2)","decl":{"start":{"line":42,"column":24},"end":{"line":42,"column":25}},"loc":{"start":{"line":42,"column":31},"end":{"line":42,"column":58}},"line":42}},"branchMap":{"0":{"loc":{"start":{"line":52,"column":11},"end":{"line":56,"column":11}},"type":"binary-expr","locations":[{"start":{"line":52,"column":11},"end":{"line":52,"column":20}},{"start":{"line":53,"column":12},"end":{"line":55,"column":16}}],"line":52}},"s":{"0":0,"1":0,"2":0,"3":0},"f":{"0":0,"1":0,"2":0},"b":{"0":[0,0]}}
,"/Users/denissaharov/stellar-burgers/src/components/ui/pages/login/type.ts": {"path":"/Users/denissaharov/stellar-burgers/src/components/ui/pages/login/type.ts","statementMap":{},"fnMap":{},"branchMap":{},"s":{},"f":{},"b":{}}
,"/Users/denissaharov/stellar-burgers/src/components/ui/pages/profile/index.ts": {"path":"/Users/denissaharov/stellar-burgers/src/components/ui/pages/profile/index.ts","statementMap":{},"fnMap":{},"branchMap":{},"s":{},"f":{},"b":{}}
,"/Users/denissaharov/stellar-burgers/src/components/ui/pages/profile/profile.tsx": {"path":"/Users/denissaharov/stellar-burgers/src/components/ui/pages/profile/profile.tsx","statementMap":{"0":{"start":{"line":10,"column":45},"end":{"line":91,"column":1}},"1":{"start":{"line":18,"column":2},"end":{"line":90,"column":9}}},"fnMap":{"0":{"name":"(anonymous_0)","decl":{"start":{"line":10,"column":45},"end":{"line":10,"column":46}},"loc":{"start":{"line":18,"column":2},"end":{"line":90,"column":9}},"line":18}},"branchMap":{"0":{"loc":{"start":{"line":66,"column":9},"end":{"line":80,"column":9}},"type":"binary-expr","locations":[{"start":{"line":66,"column":9},"end":{"line":66,"column":22}},{"start":{"line":67,"column":10},"end":{"line":79,"column":16}}],"line":66},"1":{"loc":{"start":{"line":81,"column":9},"end":{"line":87,"column":9}},"type":"binary-expr","locations":[{"start":{"line":81,"column":9},"end":{"line":81,"column":24}},{"start":{"line":82,"column":10},"end":{"line":86,"column":14}}],"line":81}},"s":{"0":0,"1":0},"f":{"0":0},"b":{"0":[0,0],"1":[0,0]}}
,"/Users/denissaharov/stellar-burgers/src/components/ui/pages/profile/type.ts": {"path":"/Users/denissaharov/stellar-burgers/src/components/ui/pages/profile/type.ts","statementMap":{},"fnMap":{},"branchMap":{},"s":{},"f":{},"b":{}}
,"/Users/denissaharov/stellar-burgers/src/components/ui/pages/profile-orders/index.ts": {"path":"/Users/denissaharov/stellar-burgers/src/components/ui/pages/profile-orders/index.ts","statementMap":{},"fnMap":{},"branchMap":{},"s":{},"f":{},"b":{}}
[...]
,"/Users/denissaharov/stellar-burgers/src/utils/burger-api.ts": {"path":"/Users/denissaharov/stellar-burgers/src/utils/burger-api.ts","statementMap":{"0":{"start":{"line":4,"column":31},"end":{"line":4,"column":72}},"1":{"start":{"line":5,"column":12},"end":{"line":5,"column":64}},"2":{"start":{"line":7,"column":22},"end":{"line":8,"column":69}},"3":{"start":{"line":8,"column":2},"end":{"line":8,"column":69}},"4":{"start":{"line":8,"column":49},"end":{"line":8,"column":68}},"5":{"start":{"line":19,"column":28},"end":{"line":37,"column":6}},"6":{"start":{"line":20,"column":2},"end":{"line":37,"column":6}},"7":{"start":{"line":29,"column":19},"end":{"line":29,"column":55}},"8":{"start":{"line":31,"column":6},"end":{"line":33,"column":7}},"9":{"start":{"line":32,"column":8},"end":{"line":32,"column":43}},"10":{"start":{"line":34,"column":6},"end":{"line":34,"column":69}},"11":{"start":{"line":35,"column":6},"end":{"line":35,"column":56}},"12":{"start":{"line":36,"column":6},"end":{"line":36,"column":25}},"13":{"start":{"line":39,"column":32},"end":{"line":59,"column":1}},"14":{"start":{"line":43,"column":2},"end":{"line":58,"column":3}},"15":{"start":{"line":44,"column":16},"end":{"line":44,"column":41}},"16":{"start":{"line":45,"column":4},"end":{"line":45,"column":39}},"17":{"start":{"line":47,"column":4},"end":{"line":57,"column":5}},"18":{"start":{"line":48,"column":26},"end":{"line":48,"column":46}},"19":{"start":{"line":49,"column":6},"end":{"line":52,"column":7}},"20":{"start":{"line":50,"column":8},"end":{"line":51,"column":34}},"21":{"start":{"line":53,"column":18},"end":{"line":53,"column":43}},"22":{"start":{"line":54,"column":6},"end":{"line":54,"column":41}},"23":{"start":{"line":56,"column":6},"end":{"line":56,"column":33}},"24":{"start":{"line":75,"column":33},"end":{"line":81,"column":6}},"25":{"start":{"line":76,"column":2},"end":{"line":81,"column":6}},"26":{"start":{"line":77,"column":19},"end":{"line":77,"column":59}},"27":{"start":{"line":79,"column":6},"end":{"line":79,"column":42}},"28":{"start":{"line":79,"column":25},"end":{"line":79,"column":42}},"29":{"start":{"line":80,"column":6},"end":{"line":80,"column":34}},"30":{"start":{"line":83,"column":27},"end":{"line":89,"column":6}},"31":{"start":{"line":84,"column":2},"end":{"line":89,"column":6}},"32":{"start":{"line":85,"column":19},"end":{"line":85,"column":53}},"33":{"start":{"line":87,"column":6},"end":{"line":87,"column":37}},"34":{"start":{"line":87,"column":25},"end":{"line":87,"column":37}},"35":{"start":{"line":88,"column":6},"end":{"line":88,"column":34}},"36":{"start":{"line":91,"column":28},"end":{"line":101,"column":4}},"37":{"start":{"line":92,"column":2},"end":{"line":101,"column":4}},"38":{"start":{"line":99,"column":4},"end":{"line":99,"column":42}},"39":{"start":{"line":99,"column":23},"end":{"line":99,"column":42}},"40":{"start":{"line":100,"column":4},"end":{"line":100,"column":32}},"41":{"start":{"line":108,"column":30},"end":{"line":121,"column":4}},"42":{"start":{"line":109,"column":2},"end":{"line":121,"column":4}},"43":{"start":{"line":119,"column":4},"end":{"line":119,"column":35}},"44":{"start":{"line":119,"column":23},"end":{"line":119,"column":35}},"45":{"start":{"line":120,"column":4},"end":{"line":120,"column":32}},"46":{"start":{"line":127,"column":35},"end":{"line":133,"column":54}},"47":{"start":{"line":128,"column":2},"end":{"line":133,"column":54}},"48":{"start":{"line":133,"column":19},"end":{"line":133,"column":53}},"49":{"start":{"line":147,"column":31},"end":{"line":159,"column":6}},"50":{"start":{"line":148,"column":2},"end":{"line":159,"column":6}},"51":{"start":{"line":155,"column":19},"end":{"line":155,"column":52}},"52":{"start":{"line":157,"column":6},"end":{"line":157,"column":37}},"53":{"start":{"line":157,"column":25},"end":{"line":157,"column":37}},"54":{"start":{"line":158,"column":6},"end":{"line":158,"column":34}},"55":{"start":{"line":166,"column":28},"end":{"line":178,"column":6}},"56":{"start":{"line":167,"column":2},"end":{"line":178,"column":6}},"57":{"start":{"line":174,"column":19},"end":{"line":174,"column":52}},"58":{"start":{"line":176,"column":6},"end":{"line":176,"column":37}},"59":{"start":{"line":176,"column":25},"end":{"line":176,"column":37}},"60":{"start":{"line":177,"column":6},"end":{"line":177,"column":34}},"61":{"start":{"line":180,"column":33},"end":{"line":192,"column":6}},"62":{"start":{"line":181,"column":2},"end":{"line":192,"column":6}},"63":{"start":{"line":188,"column":19},"end":{"line":188,"column":58}},"64":{"start":{"line":190,"column":6},"end":{"line":190,"column":37}},"65":{"start":{"line":190,"column":25},"end":{"line":190,"column":37}},"66":{"start":{"line":191,"column":6},"end":{"line":191,"column":34}},"67":{"start":{"line":194,"column":32},"end":{"line":206,"column":6}},"68":{"start":{"line":195,"column":2},"end":{"line":206,"column":6}},"69":{"start":{"line":202,"column":19},"end":{"line":202,"column":58}},"70":{"start":{"line":204,"column":6},"end":{"line":204,"column":37}},"71":{"start":{"line":204,"column":25},"end":{"line":204,"column":37}},"72":{"start":{"line":205,"column":6},"end":{"line":205,"column":34}},"73":{"start":{"line":210,"column":26},"end":{"line":215,"column":4}},"74":{"start":{"line":211,"column":2},"end":{"line":215,"column":4}},"75":{"start":{"line":217,"column":29},"end":{"line":225,"column":4}},"76":{"start":{"line":218,"column":2},"end":{"line":225,"column":4}},"77":{"start":{"line":227,"column":25},"end":{"line":236,"column":59}},"78":{"start":{"line":228,"column":2},"end":{"line":236,"column":59}},"79":{"start":{"line":236,"column":19},"end":{"line":236,"column":58}}},"fnMap":{"0":{"name":"(anonymous_0)","decl":{"start":{"line":7,"column":22},"end":{"line":7,"column":23}},"loc":{"start":{"line":8,"column":2},"end":{"line":8,"column":69}},"line":8},"1":{"name":"(anonymous_1)","decl":{"start":{"line":8,"column":40},"end":{"line":8,"column":41}},"loc":{"start":{"line":8,"column":49},"end":{"line":8,"column":68}},"line":8},"2":{"name":"(anonymous_2)","decl":{"start":{"line":19,"column":28},"end":{"line":19,"column":29}},"loc":{"start":{"line":20,"column":2},"end":{"line":37,"column":6}},"line":20},"3":{"name":"(anonymous_3)","decl":{"start":{"line":29,"column":10},"end":{"line":29,"column":11}},"loc":{"start":{"line":29,"column":19},"end":{"line":29,"column":55}},"line":29},"4":{"name":"(anonymous_4)","decl":{"start":{"line":30,"column":10},"end":{"line":30,"column":11}},"loc":{"start":{"line":30,"column":27},"end":{"line":37,"column":5}},"line":30},"5":{"name":"(anonymous_5)","decl":{"start":{"line":39,"column":32},"end":{"line":39,"column":33}},"loc":{"start":{"line":42,"column":5},"end":{"line":59,"column":1}},"line":42},"6":{"name":"(anonymous_6)","decl":{"start":{"line":75,"column":33},"end":{"line":75,"column":34}},"loc":{"start":{"line":76,"column":2},"end":{"line":81,"column":6}},"line":76},"7":{"name":"(anonymous_7)","decl":{"start":{"line":77,"column":10},"end":{"line":77,"column":11}},"loc":{"start":{"line":77,"column":19},"end":{"line":77,"column":59}},"line":77},"8":{"name":"(anonymous_8)","decl":{"start":{"line":78,"column":10},"end":{"line":78,"column":11}},"loc":{"start":{"line":78,"column":20},"end":{"line":81,"column":5}},"line":78},"9":{"name":"(anonymous_9)","decl":{"start":{"line":83,"column":27},"end":{"line":83,"column":28}},"loc":{"start":{"line":84,"column":2},"end":{"line":89,"column":6}},"line":84},"10":{"name":"(anonymous_10)","decl":{"start":{"line":85,"column":10},"end":{"line":85,"column":11}},"loc":{"start":{"line":85,"column":19},"end":{"line":85,"column":53}},"line":85},"11":{"name":"(anonymous_11)","decl":{"start":{"line":86,"column":10},"end":{"line":86,"column":11}},"loc":{"start":{"line":86,"column":20},"end":{"line":89,"column":5}},"line":86},"12":{"name":"(anonymous_12)","decl":{"start":{"line":91,"column":28},"end":{"line":91,"column":29}},"loc":{"start":{"line":92,"column":2},"end":{"line":101,"column":4}},"line":92},"13":{"name":"(anonymous_13)","decl":{"start":{"line":98,"column":10},"end":{"line":98,"column":11}},"loc":{"start":{"line":98,"column":20},"end":{"line":101,"column":3}},"line":98},"14":{"name":"(anonymous_14)","decl":{"start":{"line":108,"column":30},"end":{"line":108,"column":31}},"loc":{"start":{"line":109,"column":2},"end":{"line":121,"column":4}},"line":109},"15":{"name":"(anonymous_15)","decl":{"start":{"line":118,"column":10},"end":{"line":118,"column":11}},"loc":{"start":{"line":118,"column":20},"end":{"line":121,"column":3}},"line":118},"16":{"name":"(anonymous_16)","decl":{"start":{"line":127,"column":35},"end":{"line":127,"column":36}},"loc":{"start":{"line":128,"column":2},"end":{"line":133,"column":54}},"line":128},"17":{"name":"(anonymous_17)","decl":{"start":{"line":133,"column":10},"end":{"line":133,"column":11}},"loc":{"start":{"line":133,"column":19},"end":{"line":133,"column":53}},"line":133},"18":{"name":"(anonymous_18)","decl":{"start":{"line":147,"column":31},"end":{"line":147,"column":32}},"loc":{"start":{"line":148,"column":2},"end":{"line":159,"column":6}},"line":148},"19":{"name":"(anonymous_19)","decl":{"start":{"line":155,"column":10},"end":{"line":155,"column":11}},"loc":{"start":{"line":155,"column":19},"end":{"line":155,"column":52}},"line":155},"20":{"name":"(anonymous_20)","decl":{"start":{"line":156,"column":10},"end":{"line":156,"column":11}},"loc":{"start":{"line":156,"column":20},"end":{"line":159,"column":5}},"line":156},"21":{"name":"(anonymous_21)","decl":{"start":{"line":166,"column":28},"end":{"line":166,"column":29}},"loc":{"start":{"line":167,"column":2},"end":{"line":178,"column":6}},"line":167},"22":{"name":"(anonymous_22)","decl":{"start":{"line":174,"column":10},"end":{"line":174,"column":11}},"loc":{"start":{"line":174,"column":19},"end":{"line":174,"column":52}},"line":174},"23":{"name":"(anonymous_23)","decl":{"start":{"line":175,"column":10},"end":{"line":175,"column":11}},"loc":{"start":{"line":175,"column":20},"end":{"line":178,"column":5}},"line":175},"24":{"name":"(anonymous_24)","decl":{"start":{"line":180,"column":33},"end":{"line":180,"column":34}},"loc":{"start":{"line":181,"column":2},"end":{"line":192,"column":6}},"line":181},"25":{"name":"(anonymous_25)","decl":{"start":{"line":188,"column":10},"end":{"line":188,"column":11}},"loc":{"start":{"line":188,"column":19},"end":{"line":188,"column":58}},"line":188},"26":{"name":"(anonymous_26)","decl":{"start":{"line":189,"column":10},"end":{"line":189,"column":11}},"loc":{"start":{"line":189,"column":20},"end":{"line":192,"column":5}},"line":189},"27":{"name":"(anonymous_27)","decl":{"start":{"line":194,"column":32},"end":{"line":194,"column":33}},"loc":{"start":{"line":195,"column":2},"end":{"line":206,"column":6}},"line":195},"28":{"name":"(anonymous_28)","decl":{"start":{"line":202,"column":10},"end":{"line":202,"column":11}},"loc":{"start":{"line":202,"column":19},"end":{"line":202,"column":58}},"line":202},"29":{"name":"(anonymous_29)","decl":{"start":{"line":203,"column":10},"end":{"line":203,"column":11}},"loc":{"start":{"line":203,"column":20},"end":{"line":206,"column":5}},"line":203},"30":{"name":"(anonymous_30)","decl":{"start":{"line":210,"column":26},"end":{"line":210,"column":27}},"loc":{"start":{"line":211,"column":2},"end":{"line":215,"column":4}},"line":211},"31":{"name":"(anonymous_31)","decl":{"start":{"line":217,"column":29},"end":{"line":217,"column":30}},"loc":{"start":{"line":218,"column":2},"end":{"line":225,"column":4}},"line":218},"32":{"name":"(anonymous_32)","decl":{"start":{"line":227,"column":25},"end":{"line":227,"column":26}},"loc":{"start":{"line":228,"column":2},"end":{"line":236,"column":59}},"line":228},"33":{"name":"(anonymous_33)","decl":{"start":{"line":236,"column":10},"end":{"line":236,"column":11}},"loc":{"start":{"line":236,"column":19},"end":{"line":236,"column":58}},"line":236}},"branchMap":{"0":{"loc":{"start":{"line":5,"column":12},"end":{"line":5,"column":64}},"type":"binary-expr","locations":[{"start":{"line":5,"column":12},"end":{"line":5,"column":38}},{"start":{"line":5,"column":42},"end":{"line":5,"column":64}}],"line":5},"1":{"loc":{"start":{"line":8,"column":2},"end":{"line":8,"column":69}},"type":"cond-expr","locations":[{"start":{"line":8,"column":11},"end":{"line":8,"column":21}},{"start":{"line":8,"column":24},"end":{"line":8,"column":69}}],"line":8},"2":{"loc":{"start":{"line":31,"column":6},"end":{"line":33,"column":7}},"type":"if","locations":[{"start":{"line":31,"column":6},"end":{"line":33,"column":7}},{"start":{},"end":{}}],"line":31},"3":{"loc":{"start":{"line":47,"column":4},"end":{"line":57,"column":5}},"type":"if","locations":[{"start":{"line":47,"column":4},"end":{"line":57,"column":5}},{"start":{"line":55,"column":11},"end":{"line":57,"column":5}}],"line":47},"4":{"loc":{"start":{"line":49,"column":6},"end":{"line":52,"column":7}},"type":"if","locations":[{"start":{"line":49,"column":6},"end":{"line":52,"column":7}},{"start":{},"end":{}}],"line":49},"5":{"loc":{"start":{"line":79,"column":6},"end":{"line":79,"column":42}},"type":"if","locations":[{"start":{"line":79,"column":6},"end":{"line":79,"column":42}},{"start":{},"end":{}}],"line":79},"6":{"loc":{"start":{"line":87,"column":6},"end":{"line":87,"column":37}},"type":"if","locations":[{"start":{"line":87,"column":6},"end":{"line":87,"column":37}},{"start":{},"end":{}}],"line":87},"7":{"loc":{"start":{"line":99,"column":4},"end":{"line":99,"column":42}},"type":"if","locations":[{"start":{"line":99,"column":4},"end":{"line":99,"column":42}},{"start":{},"end":{}}],"line":99},"8":{"loc":{"start":{"line":119,"column":4},"end":{"line":119,"column":35}},"type":"if","locations":[{"start":{"line":119,"column":4},"end":{"line":119,"column":35}},{"start":{},"end":{}}],"line":119},"9":{"loc":{"start":{"line":157,"column":6},"end":{"line":157,"column":37}},"type":"if","locations":[{"start":{"line":157,"column":6},"end":{"line":157,"column":37}},{"start":{},"end":{}}],"line":157},"10":{"loc":{"start":{"line":176,"column":6},"end":{"line":176,"column":37}},"type":"if","locations":[{"start":{"line":176,"column":6},"end":{"line":176,"column":37}},{"start":{},"end":{}}],"line":176},"11":{"loc":{"start":{"line":190,"column":6},"end":{"line":190,"column":37}},"type":"if","locations":[{"start":{"line":190,"column":6},"end":{"line":190,"column":37}},{"start":{},"end":{}}],"line":190},"12":{"loc":{"start":{"line":204,"column":6},"end":{"line":204,"column":37}},"type":"if","locations":[{"start":{"line":204,"column":6},"end":{"line":204,"column":37}},{"start":{},"end":{}}],"line":204}},"s":{"0":6,"1":6,"2":6,"3":0,"4":0,"5":6,"6":0,"7":0,"8":0,"9":0,"10":0,"11":0,"12":0,"13":6,"14":0,"15":0,"16":0,"17":0,"18":0,"19":0,"20":0,"21":0,"22":0,"23":0,"24":6,"25":0,"26":0,"27":0,"28":0,"29":0,"30":6,"31":0,"32":0,"33":0,"34":0,"35":0,"36":6,"37":0,"38":0,"39":0,"40":0,"41":6,"42":0,"43":0,"44":0,"45":0,"46":6,"47":0,"48":0,"49":6,"50":0,"51":0,"52":0,"53":0,"54":0,"55":6,"56":0,"57":0,"58":0,"59":0,"60":0,"61":6,"62":0,"63":0,"64":0,"65":0,"66":0,"67":6,"68":0,"69":0,"70":0,"71":0,"72":0,"73":6,"74":0,"75":6,"76":0,"77":6,"78":0,"79":0},"f":{"0":0,"1":0,"2":0,"3":0,"4":0,"5":0,"6":0,"7":0,"8":0,"9":0,"10":0,"11":0,"12":0,"13":0,"14":0,"15":0,"16":0,"17":0,"18":0,"19":0,"20":0,"21":0,"22":0,"23":0,"24":0,"25":0,"26":0,"27":0,"28":0,"29":0,"30":0,"31":0,"32":0,"33":0},"b":{"0":[6,6],"1":[0,0],"2":[0,0],"3":[0,0],"4":[0,0],"5":[0,0],"6":[0,0],"7":[0,0],"8":[0,0],"9":[0,0],"10":[0,0],"11":[0,0],"12":[0,0]},"_coverageSchema":"1a1c01bbd47fc00a2c39e90264f33305004495a9","hash":"95a0b4e388b5352cc41ef566d3829f58a1110a0a"}
,"/Users/denissaharov/stellar-burgers/src/utils/cookie.ts": {"path":"/Users/denissaharov/stellar-burgers/src/utils/cookie.ts","statementMap":{"0":{"start":{"line":2,"column":18},"end":{"line":9,"column":3}},"1":{"start":{"line":10,"column":2},"end":{"line":10,"column":62}},"2":{"start":{"line":18,"column":2},"end":{"line":21,"column":4}},"3":{"start":{"line":23,"column":12},"end":{"line":23,"column":25}},"4":{"start":{"line":24,"column":2},"end":{"line":28,"column":3}},"5":{"start":{"line":25,"column":14},"end":{"line":25,"column":24}},"6":{"start":{"line":26,"column":4},"end":{"line":26,"column":40}},"7":{"start":{"line":27,"column":4},"end":{"line":27,"column":28}},"8":{"start":{"line":30,"column":2},"end":{"line":32,"column":3}},"9":{"start":{"line":31,"column":4},"end":{"line":31,"column":38}},"10":{"start":{"line":33,"column":2},"end":{"line":33,"column":36}},"11":{"start":{"line":34,"column":22},"end":{"line":34,"column":40}},"12":{"start":{"line":35,"column":2},"end":{"line":41,"column":3}},"13":{"start":{"line":36,"column":4},"end":{"line":36,"column":37}},"14":{"start":{"line":37,"column":22},"end":{"line":37,"column":37}},"15":{"start":{"line":38,"column":4},"end":{"line":40,"column":5}},"16":{"start":{"line":39,"column":6},"end":{"line":39,"column":39}},"17":{"start":{"line":42,"column":2},"end":{"line":42,"column":34}},"18":{"start":{"line":46,"column":2},"end":{"line":46,"column":39}}},"fnMap":{"0":{"name":"getCookie","decl":{"start":{"line":1,"column":16},"end":{"line":1,"column":25}},"loc":{"start":{"line":1,"column":60},"end":{"line":11,"column":1}},"line":1},"1":{"name":"setCookie","decl":{"start":{"line":13,"column":16},"end":{"line":13,"column":25}},"loc":{"start":{"line":17,"column":2},"end":{"line":43,"column":1}},"line":17},"2":{"name":"deleteCookie","decl":{"start":{"line":45,"column":16},"end":{"line":45,"column":28}},"loc":{"start":{"line":45,"column":43},"end":{"line":47,"column":1}},"line":45}},"branchMap":{"0":{"loc":{"start":{"line":10,"column":9},"end":{"line":10,"column":61}},"type":"cond-expr","locations":[{"start":{"line":10,"column":19},"end":{"line":10,"column":49}},{"start":{"line":10,"column":52},"end":{"line":10,"column":61}}],"line":10},"1":{"loc":{"start":{"line":16,"column":2},"end":{"line":16,"column":65}},"type":"default-arg","locations":[{"start":{"line":16,"column":63},"end":{"line":16,"column":65}}],"line":16},"2":{"loc":{"start":{"line":24,"column":2},"end":{"line":28,"column":3}},"type":"if","locations":[{"start":{"line":24,"column":2},"end":{"line":28,"column":3}},{"start":{},"end":{}}],"line":24},"3":{"loc":{"start":{"line":24,"column":6},"end":{"line":24,"column":36}},"type":"binary-expr","locations":[{"start":{"line":24,"column":6},"end":{"line":24,"column":9}},{"start":{"line":24,"column":13},"end":{"line":24,"column":36}}],"line":24},"4":{"loc":{"start":{"line":30,"column":2},"end":{"line":32,"column":3}},"type":"if","locations":[{"start":{"line":30,"column":2},"end":{"line":32,"column":3}},{"start":{},"end":{}}],"line":30},"5":{"loc":{"start":{"line":30,"column":6},"end":{"line":30,"column":32}},"type":"binary-expr","locations":[{"start":{"line":30,"column":6},"end":{"line":30,"column":9}},{"start":{"line":30,"column":13},"end":{"line":30,"column":32}}],"line":30},"6":{"loc":{"start":{"line":38,"column":4},"end":{"line":40,"column":5}},"type":"if","locations":[{"start":{"line":38,"column":4},"end":{"line":40,"column":5}},{"start":{},"end":{}}],"line":38}},"s":{"0":0,"1":0,"2":0,"3":0,"4":0,"5":0,"6":0,"7":0,"8":0,"9":0,"10":0,"11":0,"12":0,"13":0,"14":0,"15":0,"16":0,"17":0,"18":0},"f":{"0":0,"1":0,"2":0},"b":{"0":[0,0],"1":[0],"2":[0,0],"3":[0,0],"4":[0,0],"5":[0,0],"6":[0,0]},"_coverageSchema":"1a1c01bbd47fc00a2c39e90264f33305004495a9","hash":"024660ca1d29322dd11c4fb9e0a0e31aa91c1296"}
,"/Users/denissaharov/stellar-burgers/src/utils/types.ts": {"path":"/Users/denissaharov/stellar-burgers/src/utils/types.ts","statementMap":{},"fnMap":{},"branchMap":{},"s":{},"f":{},"b":{}}
}
